mode: set
github.com/visionik/mogcli/internal/config/config.go:19.39,20.22 1 0
github.com/visionik/mogcli/internal/config/config.go:20.22,22.3 1 0
github.com/visionik/mogcli/internal/config/config.go:23.2,23.21 1 0
github.com/visionik/mogcli/internal/config/config.go:37.39,38.21 1 0
github.com/visionik/mogcli/internal/config/config.go:38.21,40.3 1 0
github.com/visionik/mogcli/internal/config/config.go:41.2,41.38 1 0
github.com/visionik/mogcli/internal/config/config.go:41.38,44.3 1 0
github.com/visionik/mogcli/internal/config/config.go:45.2,45.10 1 0
github.com/visionik/mogcli/internal/config/config.go:55.34,57.16 2 1
github.com/visionik/mogcli/internal/config/config.go:57.16,59.3 1 0
github.com/visionik/mogcli/internal/config/config.go:60.2,60.51 1 1
github.com/visionik/mogcli/internal/config/config.go:64.30,66.16 2 1
github.com/visionik/mogcli/internal/config/config.go:66.16,68.3 1 0
github.com/visionik/mogcli/internal/config/config.go:70.2,72.16 3 1
github.com/visionik/mogcli/internal/config/config.go:72.16,73.25 1 1
github.com/visionik/mogcli/internal/config/config.go:73.25,75.4 1 1
github.com/visionik/mogcli/internal/config/config.go:76.3,76.18 1 0
github.com/visionik/mogcli/internal/config/config.go:79.2,80.51 2 1
github.com/visionik/mogcli/internal/config/config.go:80.51,82.3 1 1
github.com/visionik/mogcli/internal/config/config.go:84.2,84.18 1 1
github.com/visionik/mogcli/internal/config/config.go:88.30,90.16 2 1
github.com/visionik/mogcli/internal/config/config.go:90.16,92.3 1 0
github.com/visionik/mogcli/internal/config/config.go:94.2,94.47 1 1
github.com/visionik/mogcli/internal/config/config.go:94.47,96.3 1 0
github.com/visionik/mogcli/internal/config/config.go:98.2,99.16 2 1
github.com/visionik/mogcli/internal/config/config.go:99.16,101.3 1 0
github.com/visionik/mogcli/internal/config/config.go:103.2,103.70 1 1
github.com/visionik/mogcli/internal/config/config.go:107.36,109.16 2 1
github.com/visionik/mogcli/internal/config/config.go:109.16,111.3 1 0
github.com/visionik/mogcli/internal/config/config.go:113.2,115.16 3 1
github.com/visionik/mogcli/internal/config/config.go:115.16,116.25 1 1
github.com/visionik/mogcli/internal/config/config.go:116.25,118.4 1 1
github.com/visionik/mogcli/internal/config/config.go:119.3,119.18 1 0
github.com/visionik/mogcli/internal/config/config.go:122.2,123.54 2 1
github.com/visionik/mogcli/internal/config/config.go:123.54,125.3 1 1
github.com/visionik/mogcli/internal/config/config.go:127.2,127.21 1 1
github.com/visionik/mogcli/internal/config/config.go:131.39,133.16 2 1
github.com/visionik/mogcli/internal/config/config.go:133.16,135.3 1 0
github.com/visionik/mogcli/internal/config/config.go:137.2,137.47 1 1
github.com/visionik/mogcli/internal/config/config.go:137.47,139.3 1 0
github.com/visionik/mogcli/internal/config/config.go:141.2,142.16 2 1
github.com/visionik/mogcli/internal/config/config.go:142.16,144.3 1 0
github.com/visionik/mogcli/internal/config/config.go:146.2,146.68 1 1
github.com/visionik/mogcli/internal/config/config.go:150.27,152.16 2 1
github.com/visionik/mogcli/internal/config/config.go:152.16,154.3 1 0
github.com/visionik/mogcli/internal/config/config.go:156.2,157.63 2 1
github.com/visionik/mogcli/internal/config/config.go:157.63,159.3 1 0
github.com/visionik/mogcli/internal/config/config.go:160.2,160.12 1 1
github.com/visionik/mogcli/internal/config/config.go:164.34,166.16 2 1
github.com/visionik/mogcli/internal/config/config.go:166.16,168.3 1 0
github.com/visionik/mogcli/internal/config/config.go:170.2,172.16 3 1
github.com/visionik/mogcli/internal/config/config.go:172.16,173.25 1 1
github.com/visionik/mogcli/internal/config/config.go:173.25,178.4 1 1
github.com/visionik/mogcli/internal/config/config.go:179.3,179.18 1 0
github.com/visionik/mogcli/internal/config/config.go:182.2,183.53 2 1
github.com/visionik/mogcli/internal/config/config.go:183.53,185.3 1 1
github.com/visionik/mogcli/internal/config/config.go:187.2,187.27 1 1
github.com/visionik/mogcli/internal/config/config.go:187.27,189.3 1 1
github.com/visionik/mogcli/internal/config/config.go:190.2,190.27 1 1
github.com/visionik/mogcli/internal/config/config.go:190.27,192.3 1 1
github.com/visionik/mogcli/internal/config/config.go:194.2,194.20 1 1
github.com/visionik/mogcli/internal/config/config.go:198.36,200.16 2 1
github.com/visionik/mogcli/internal/config/config.go:200.16,202.3 1 0
github.com/visionik/mogcli/internal/config/config.go:204.2,204.47 1 1
github.com/visionik/mogcli/internal/config/config.go:204.47,206.3 1 0
github.com/visionik/mogcli/internal/config/config.go:208.2,209.16 2 1
github.com/visionik/mogcli/internal/config/config.go:209.16,211.3 1 0
github.com/visionik/mogcli/internal/config/config.go:213.2,213.67 1 1
github.com/visionik/mogcli/internal/graph/client.go:31.35,33.16 2 1
github.com/visionik/mogcli/internal/graph/client.go:33.16,35.3 1 1
github.com/visionik/mogcli/internal/graph/client.go:38.2,39.53 2 1
github.com/visionik/mogcli/internal/graph/client.go:39.53,42.17 2 1
github.com/visionik/mogcli/internal/graph/client.go:42.17,44.4 1 0
github.com/visionik/mogcli/internal/graph/client.go:45.3,46.50 2 1
github.com/visionik/mogcli/internal/graph/client.go:46.50,48.4 1 1
github.com/visionik/mogcli/internal/graph/client.go:50.3,51.17 2 0
github.com/visionik/mogcli/internal/graph/client.go:51.17,53.4 1 0
github.com/visionik/mogcli/internal/graph/client.go:54.3,54.21 1 0
github.com/visionik/mogcli/internal/graph/client.go:57.2,60.8 1 1
github.com/visionik/mogcli/internal/graph/client.go:64.90,66.2 1 0
github.com/visionik/mogcli/internal/graph/client.go:69.91,71.2 1 0
github.com/visionik/mogcli/internal/graph/client.go:74.92,76.2 1 0
github.com/visionik/mogcli/internal/graph/client.go:79.65,82.2 2 0
github.com/visionik/mogcli/internal/graph/client.go:85.90,89.16 3 0
github.com/visionik/mogcli/internal/graph/client.go:89.16,91.3 1 0
github.com/visionik/mogcli/internal/graph/client.go:93.2,97.16 4 0
github.com/visionik/mogcli/internal/graph/client.go:97.16,99.3 1 0
github.com/visionik/mogcli/internal/graph/client.go:100.2,103.16 3 0
github.com/visionik/mogcli/internal/graph/client.go:103.16,105.3 1 0
github.com/visionik/mogcli/internal/graph/client.go:107.2,107.28 1 0
github.com/visionik/mogcli/internal/graph/client.go:107.28,114.79 2 0
github.com/visionik/mogcli/internal/graph/client.go:114.79,116.4 1 0
github.com/visionik/mogcli/internal/graph/client.go:117.3,117.80 1 0
github.com/visionik/mogcli/internal/graph/client.go:120.2,120.22 1 0
github.com/visionik/mogcli/internal/graph/client.go:124.105,128.16 3 0
github.com/visionik/mogcli/internal/graph/client.go:128.16,130.3 1 0
github.com/visionik/mogcli/internal/graph/client.go:132.2,136.16 4 0
github.com/visionik/mogcli/internal/graph/client.go:136.16,138.3 1 0
github.com/visionik/mogcli/internal/graph/client.go:139.2,142.16 3 0
github.com/visionik/mogcli/internal/graph/client.go:142.16,144.3 1 0
github.com/visionik/mogcli/internal/graph/client.go:146.2,146.28 1 0
github.com/visionik/mogcli/internal/graph/client.go:146.28,153.79 2 0
github.com/visionik/mogcli/internal/graph/client.go:153.79,155.4 1 0
github.com/visionik/mogcli/internal/graph/client.go:156.3,156.80 1 0
github.com/visionik/mogcli/internal/graph/client.go:159.2,159.22 1 0
github.com/visionik/mogcli/internal/graph/client.go:162.120,164.36 2 0
github.com/visionik/mogcli/internal/graph/client.go:164.36,166.3 1 0
github.com/visionik/mogcli/internal/graph/client.go:168.2,169.17 2 0
github.com/visionik/mogcli/internal/graph/client.go:169.17,171.17 2 0
github.com/visionik/mogcli/internal/graph/client.go:171.17,173.4 1 0
github.com/visionik/mogcli/internal/graph/client.go:174.3,174.37 1 0
github.com/visionik/mogcli/internal/graph/client.go:177.2,178.16 2 0
github.com/visionik/mogcli/internal/graph/client.go:178.16,180.3 1 0
github.com/visionik/mogcli/internal/graph/client.go:182.2,186.16 4 0
github.com/visionik/mogcli/internal/graph/client.go:186.16,188.3 1 0
github.com/visionik/mogcli/internal/graph/client.go:189.2,192.16 3 0
github.com/visionik/mogcli/internal/graph/client.go:192.16,194.3 1 0
github.com/visionik/mogcli/internal/graph/client.go:196.2,196.28 1 0
github.com/visionik/mogcli/internal/graph/client.go:196.28,203.79 2 0
github.com/visionik/mogcli/internal/graph/client.go:203.79,205.4 1 0
github.com/visionik/mogcli/internal/graph/client.go:206.3,206.80 1 0
github.com/visionik/mogcli/internal/graph/client.go:209.2,209.22 1 0
github.com/visionik/mogcli/internal/graph/client.go:234.70,252.16 6 0
github.com/visionik/mogcli/internal/graph/client.go:252.16,254.3 1 0
github.com/visionik/mogcli/internal/graph/client.go:255.2,258.16 3 0
github.com/visionik/mogcli/internal/graph/client.go:258.16,260.3 1 0
github.com/visionik/mogcli/internal/graph/client.go:262.2,263.54 2 0
github.com/visionik/mogcli/internal/graph/client.go:263.54,265.3 1 0
github.com/visionik/mogcli/internal/graph/client.go:267.2,267.21 1 0
github.com/visionik/mogcli/internal/graph/client.go:271.86,277.6 5 0
github.com/visionik/mogcli/internal/graph/client.go:277.6,281.17 3 0
github.com/visionik/mogcli/internal/graph/client.go:281.17,283.4 1 0
github.com/visionik/mogcli/internal/graph/client.go:285.3,287.17 3 0
github.com/visionik/mogcli/internal/graph/client.go:287.17,289.4 1 0
github.com/visionik/mogcli/internal/graph/client.go:291.3,292.58 2 0
github.com/visionik/mogcli/internal/graph/client.go:292.58,294.4 1 0
github.com/visionik/mogcli/internal/graph/client.go:296.3,296.49 1 0
github.com/visionik/mogcli/internal/graph/client.go:296.49,297.12 1 0
github.com/visionik/mogcli/internal/graph/client.go:300.3,300.28 1 0
github.com/visionik/mogcli/internal/graph/client.go:300.28,302.4 1 0
github.com/visionik/mogcli/internal/graph/client.go:304.3,308.9 1 0
github.com/visionik/mogcli/internal/graph/client.go:313.74,320.16 6 0
github.com/visionik/mogcli/internal/graph/client.go:320.16,322.3 1 0
github.com/visionik/mogcli/internal/graph/client.go:323.2,326.16 3 0
github.com/visionik/mogcli/internal/graph/client.go:326.16,328.3 1 0
github.com/visionik/mogcli/internal/graph/client.go:330.2,331.57 2 0
github.com/visionik/mogcli/internal/graph/client.go:331.57,333.3 1 0
github.com/visionik/mogcli/internal/graph/client.go:335.2,335.27 1 0
github.com/visionik/mogcli/internal/graph/client.go:335.27,337.3 1 0
github.com/visionik/mogcli/internal/graph/client.go:339.2,346.50 2 0
github.com/visionik/mogcli/internal/graph/client.go:346.50,348.3 1 0
github.com/visionik/mogcli/internal/graph/client.go:350.2,350.20 1 0
github.com/visionik/mogcli/internal/graph/slugs.go:18.33,19.14 1 1
github.com/visionik/mogcli/internal/graph/slugs.go:19.14,21.3 1 1
github.com/visionik/mogcli/internal/graph/slugs.go:23.2,26.22 3 1
github.com/visionik/mogcli/internal/graph/slugs.go:26.22,29.17 3 1
github.com/visionik/mogcli/internal/graph/slugs.go:29.17,34.4 1 0
github.com/visionik/mogcli/internal/graph/slugs.go:38.2,38.44 1 1
github.com/visionik/mogcli/internal/graph/slugs.go:38.44,40.3 1 1
github.com/visionik/mogcli/internal/graph/slugs.go:43.2,49.6 5 1
github.com/visionik/mogcli/internal/graph/slugs.go:49.6,50.74 1 1
github.com/visionik/mogcli/internal/graph/slugs.go:50.74,51.9 1 1
github.com/visionik/mogcli/internal/graph/slugs.go:53.3,54.70 2 0
github.com/visionik/mogcli/internal/graph/slugs.go:58.2,64.13 4 1
github.com/visionik/mogcli/internal/graph/slugs.go:68.37,69.17 1 1
github.com/visionik/mogcli/internal/graph/slugs.go:69.17,71.3 1 1
github.com/visionik/mogcli/internal/graph/slugs.go:74.2,74.21 1 1
github.com/visionik/mogcli/internal/graph/slugs.go:74.21,76.3 1 1
github.com/visionik/mogcli/internal/graph/slugs.go:78.2,81.22 3 1
github.com/visionik/mogcli/internal/graph/slugs.go:81.22,84.17 3 1
github.com/visionik/mogcli/internal/graph/slugs.go:84.17,86.4 1 0
github.com/visionik/mogcli/internal/graph/slugs.go:90.2,90.49 1 1
github.com/visionik/mogcli/internal/graph/slugs.go:90.49,92.3 1 1
github.com/visionik/mogcli/internal/graph/slugs.go:95.2,95.14 1 1
github.com/visionik/mogcli/internal/graph/slugs.go:99.25,109.2 4 1
github.com/visionik/mogcli/cmd/mog/main.go:17.13,19.34 1 0
github.com/visionik/mogcli/cmd/mog/main.go:19.34,20.46 1 0
github.com/visionik/mogcli/cmd/mog/main.go:20.46,23.4 2 0
github.com/visionik/mogcli/cmd/mog/main.go:26.2,37.16 4 0
github.com/visionik/mogcli/cmd/mog/main.go:37.16,40.3 2 0
github.com/visionik/mogcli/internal/testutil/testutil.go:39.67,45.95 2 0
github.com/visionik/mogcli/internal/testutil/testutil.go:45.95,48.20 2 0
github.com/visionik/mogcli/internal/testutil/testutil.go:48.20,50.4 1 0
github.com/visionik/mogcli/internal/testutil/testutil.go:51.3,60.10 4 0
github.com/visionik/mogcli/internal/testutil/testutil.go:60.10,64.4 2 0
github.com/visionik/mogcli/internal/testutil/testutil.go:65.3,65.10 1 0
github.com/visionik/mogcli/internal/testutil/testutil.go:65.10,74.4 3 0
github.com/visionik/mogcli/internal/testutil/testutil.go:77.3,78.34 2 0
github.com/visionik/mogcli/internal/testutil/testutil.go:78.34,80.4 1 0
github.com/visionik/mogcli/internal/testutil/testutil.go:83.3,83.27 1 0
github.com/visionik/mogcli/internal/testutil/testutil.go:83.27,85.4 1 0
github.com/visionik/mogcli/internal/testutil/testutil.go:86.3,89.23 2 0
github.com/visionik/mogcli/internal/testutil/testutil.go:89.23,91.4 1 0
github.com/visionik/mogcli/internal/testutil/testutil.go:94.2,94.11 1 0
github.com/visionik/mogcli/internal/testutil/testutil.go:97.48,98.19 1 0
github.com/visionik/mogcli/internal/testutil/testutil.go:98.19,100.3 1 0
github.com/visionik/mogcli/internal/testutil/testutil.go:101.2,102.17 2 0
github.com/visionik/mogcli/internal/testutil/testutil.go:106.53,131.16 11 0
github.com/visionik/mogcli/internal/testutil/testutil.go:131.16,133.3 1 0
github.com/visionik/mogcli/internal/testutil/testutil.go:137.67,141.2 1 0
github.com/visionik/mogcli/internal/testutil/testutil.go:144.70,151.2 1 0
github.com/visionik/mogcli/internal/cli/auth.go:26.46,29.41 2 0
github.com/visionik/mogcli/internal/cli/auth.go:29.41,31.3 1 0
github.com/visionik/mogcli/internal/cli/auth.go:34.2,36.16 3 0
github.com/visionik/mogcli/internal/cli/auth.go:36.16,38.3 1 0
github.com/visionik/mogcli/internal/cli/auth.go:40.2,50.16 7 0
github.com/visionik/mogcli/internal/cli/auth.go:50.16,52.3 1 0
github.com/visionik/mogcli/internal/cli/auth.go:55.2,55.50 1 0
github.com/visionik/mogcli/internal/cli/auth.go:55.50,57.3 1 0
github.com/visionik/mogcli/internal/cli/auth.go:59.2,61.12 3 0
github.com/visionik/mogcli/internal/cli/auth.go:68.47,70.16 2 1
github.com/visionik/mogcli/internal/cli/auth.go:70.16,73.3 2 1
github.com/visionik/mogcli/internal/cli/auth.go:75.2,77.26 2 1
github.com/visionik/mogcli/internal/cli/auth.go:77.26,80.20 3 1
github.com/visionik/mogcli/internal/cli/auth.go:80.20,82.4 1 1
github.com/visionik/mogcli/internal/cli/auth.go:82.9,84.4 1 1
github.com/visionik/mogcli/internal/cli/auth.go:87.2,88.38 2 1
github.com/visionik/mogcli/internal/cli/auth.go:88.38,90.3 1 1
github.com/visionik/mogcli/internal/cli/auth.go:92.2,92.12 1 1
github.com/visionik/mogcli/internal/cli/auth.go:99.47,100.46 1 1
github.com/visionik/mogcli/internal/cli/auth.go:100.46,102.3 1 0
github.com/visionik/mogcli/internal/cli/auth.go:104.2,104.43 1 1
github.com/visionik/mogcli/internal/cli/auth.go:104.43,106.3 1 0
github.com/visionik/mogcli/internal/cli/auth.go:108.2,109.12 2 1
github.com/visionik/mogcli/internal/cli/auth.go:112.30,114.22 2 1
github.com/visionik/mogcli/internal/cli/auth.go:115.16,116.34 1 1
github.com/visionik/mogcli/internal/cli/auth.go:117.15,118.38 1 0
github.com/visionik/mogcli/internal/cli/auth.go:119.17,120.48 1 0
github.com/visionik/mogcli/internal/cli/auth.go:121.10,122.9 1 0
github.com/visionik/mogcli/internal/cli/auth.go:124.2,124.17 1 1
github.com/visionik/mogcli/internal/cli/calendar.go:35.49,37.16 2 0
github.com/visionik/mogcli/internal/cli/calendar.go:37.16,39.3 1 0
github.com/visionik/mogcli/internal/cli/calendar.go:41.2,47.18 4 0
github.com/visionik/mogcli/internal/cli/calendar.go:47.18,49.17 2 0
github.com/visionik/mogcli/internal/cli/calendar.go:49.17,51.18 2 0
github.com/visionik/mogcli/internal/cli/calendar.go:51.18,53.5 1 0
github.com/visionik/mogcli/internal/cli/calendar.go:57.2,57.16 1 0
github.com/visionik/mogcli/internal/cli/calendar.go:57.16,59.17 2 0
github.com/visionik/mogcli/internal/cli/calendar.go:59.17,61.18 2 0
github.com/visionik/mogcli/internal/cli/calendar.go:61.18,63.5 1 0
github.com/visionik/mogcli/internal/cli/calendar.go:67.2,74.22 7 0
github.com/visionik/mogcli/internal/cli/calendar.go:74.22,76.3 1 0
github.com/visionik/mogcli/internal/cli/calendar.go:78.2,79.16 2 0
github.com/visionik/mogcli/internal/cli/calendar.go:79.16,81.3 1 0
github.com/visionik/mogcli/internal/cli/calendar.go:83.2,86.52 2 0
github.com/visionik/mogcli/internal/cli/calendar.go:86.52,88.3 1 0
github.com/visionik/mogcli/internal/cli/calendar.go:90.2,90.15 1 0
github.com/visionik/mogcli/internal/cli/calendar.go:90.15,92.3 1 0
github.com/visionik/mogcli/internal/cli/calendar.go:94.2,94.26 1 0
github.com/visionik/mogcli/internal/cli/calendar.go:94.26,97.3 2 0
github.com/visionik/mogcli/internal/cli/calendar.go:99.2,99.35 1 0
github.com/visionik/mogcli/internal/cli/calendar.go:99.35,101.3 1 0
github.com/visionik/mogcli/internal/cli/calendar.go:102.2,102.12 1 0
github.com/visionik/mogcli/internal/cli/calendar.go:111.48,113.16 2 0
github.com/visionik/mogcli/internal/cli/calendar.go:113.16,115.3 1 0
github.com/visionik/mogcli/internal/cli/calendar.go:117.2,121.16 4 0
github.com/visionik/mogcli/internal/cli/calendar.go:121.16,123.3 1 0
github.com/visionik/mogcli/internal/cli/calendar.go:125.2,126.53 2 0
github.com/visionik/mogcli/internal/cli/calendar.go:126.53,128.3 1 0
github.com/visionik/mogcli/internal/cli/calendar.go:130.2,130.15 1 0
github.com/visionik/mogcli/internal/cli/calendar.go:130.15,132.3 1 0
github.com/visionik/mogcli/internal/cli/calendar.go:134.2,135.12 2 0
github.com/visionik/mogcli/internal/cli/calendar.go:151.51,153.16 2 0
github.com/visionik/mogcli/internal/cli/calendar.go:153.16,155.3 1 0
github.com/visionik/mogcli/internal/cli/calendar.go:157.2,169.22 2 0
github.com/visionik/mogcli/internal/cli/calendar.go:169.22,171.3 1 0
github.com/visionik/mogcli/internal/cli/calendar.go:173.2,173.25 1 0
github.com/visionik/mogcli/internal/cli/calendar.go:173.25,178.3 1 0
github.com/visionik/mogcli/internal/cli/calendar.go:180.2,180.26 1 0
github.com/visionik/mogcli/internal/cli/calendar.go:180.26,182.37 2 0
github.com/visionik/mogcli/internal/cli/calendar.go:182.37,187.4 1 0
github.com/visionik/mogcli/internal/cli/calendar.go:188.3,188.33 1 0
github.com/visionik/mogcli/internal/cli/calendar.go:191.2,191.14 1 0
github.com/visionik/mogcli/internal/cli/calendar.go:191.14,193.3 1 0
github.com/visionik/mogcli/internal/cli/calendar.go:195.2,197.22 3 0
github.com/visionik/mogcli/internal/cli/calendar.go:197.22,199.3 1 0
github.com/visionik/mogcli/internal/cli/calendar.go:201.2,202.16 2 0
github.com/visionik/mogcli/internal/cli/calendar.go:202.16,204.3 1 0
github.com/visionik/mogcli/internal/cli/calendar.go:206.2,207.55 2 0
github.com/visionik/mogcli/internal/cli/calendar.go:207.55,209.3 1 0
github.com/visionik/mogcli/internal/cli/calendar.go:211.2,211.15 1 0
github.com/visionik/mogcli/internal/cli/calendar.go:211.15,213.3 1 0
github.com/visionik/mogcli/internal/cli/calendar.go:215.2,216.12 2 0
github.com/visionik/mogcli/internal/cli/calendar.go:230.51,232.16 2 1
github.com/visionik/mogcli/internal/cli/calendar.go:232.16,234.3 1 0
github.com/visionik/mogcli/internal/cli/calendar.go:236.2,238.21 2 1
github.com/visionik/mogcli/internal/cli/calendar.go:238.21,240.3 1 0
github.com/visionik/mogcli/internal/cli/calendar.go:241.2,241.18 1 1
github.com/visionik/mogcli/internal/cli/calendar.go:241.18,243.3 1 0
github.com/visionik/mogcli/internal/cli/calendar.go:244.2,244.16 1 1
github.com/visionik/mogcli/internal/cli/calendar.go:244.16,246.3 1 0
github.com/visionik/mogcli/internal/cli/calendar.go:247.2,247.22 1 1
github.com/visionik/mogcli/internal/cli/calendar.go:247.22,249.3 1 0
github.com/visionik/mogcli/internal/cli/calendar.go:250.2,250.25 1 1
github.com/visionik/mogcli/internal/cli/calendar.go:250.25,252.3 1 0
github.com/visionik/mogcli/internal/cli/calendar.go:254.2,254.23 1 1
github.com/visionik/mogcli/internal/cli/calendar.go:254.23,256.3 1 1
github.com/visionik/mogcli/internal/cli/calendar.go:258.2,262.16 4 0
github.com/visionik/mogcli/internal/cli/calendar.go:262.16,264.3 1 0
github.com/visionik/mogcli/internal/cli/calendar.go:266.2,267.12 2 0
github.com/visionik/mogcli/internal/cli/calendar.go:276.51,278.16 2 0
github.com/visionik/mogcli/internal/cli/calendar.go:278.16,280.3 1 0
github.com/visionik/mogcli/internal/cli/calendar.go:282.2,285.49 3 0
github.com/visionik/mogcli/internal/cli/calendar.go:285.49,287.3 1 0
github.com/visionik/mogcli/internal/cli/calendar.go:289.2,290.12 2 0
github.com/visionik/mogcli/internal/cli/calendar.go:297.54,299.16 2 0
github.com/visionik/mogcli/internal/cli/calendar.go:299.16,301.3 1 0
github.com/visionik/mogcli/internal/cli/calendar.go:303.2,305.16 3 0
github.com/visionik/mogcli/internal/cli/calendar.go:305.16,307.3 1 0
github.com/visionik/mogcli/internal/cli/calendar.go:309.2,312.52 2 0
github.com/visionik/mogcli/internal/cli/calendar.go:312.52,314.3 1 0
github.com/visionik/mogcli/internal/cli/calendar.go:316.2,316.15 1 0
github.com/visionik/mogcli/internal/cli/calendar.go:316.15,318.3 1 0
github.com/visionik/mogcli/internal/cli/calendar.go:320.2,320.33 1 0
github.com/visionik/mogcli/internal/cli/calendar.go:320.33,322.28 2 0
github.com/visionik/mogcli/internal/cli/calendar.go:322.28,324.4 1 0
github.com/visionik/mogcli/internal/cli/calendar.go:325.3,325.72 1 0
github.com/visionik/mogcli/internal/cli/calendar.go:327.2,327.12 1 0
github.com/visionik/mogcli/internal/cli/calendar.go:338.52,340.16 2 0
github.com/visionik/mogcli/internal/cli/calendar.go:340.16,342.3 1 0
github.com/visionik/mogcli/internal/cli/calendar.go:344.2,345.20 2 0
github.com/visionik/mogcli/internal/cli/calendar.go:346.16,347.20 1 0
github.com/visionik/mogcli/internal/cli/calendar.go:348.17,349.21 1 0
github.com/visionik/mogcli/internal/cli/calendar.go:350.19,351.31 1 0
github.com/visionik/mogcli/internal/cli/calendar.go:352.10,353.92 1 0
github.com/visionik/mogcli/internal/cli/calendar.go:356.2,359.21 2 0
github.com/visionik/mogcli/internal/cli/calendar.go:359.21,361.3 1 0
github.com/visionik/mogcli/internal/cli/calendar.go:363.2,367.16 4 0
github.com/visionik/mogcli/internal/cli/calendar.go:367.16,369.3 1 0
github.com/visionik/mogcli/internal/cli/calendar.go:371.2,372.12 2 0
github.com/visionik/mogcli/internal/cli/calendar.go:388.53,390.16 2 0
github.com/visionik/mogcli/internal/cli/calendar.go:390.16,392.3 1 0
github.com/visionik/mogcli/internal/cli/calendar.go:394.2,395.33 2 0
github.com/visionik/mogcli/internal/cli/calendar.go:395.33,397.3 1 0
github.com/visionik/mogcli/internal/cli/calendar.go:399.2,408.16 4 0
github.com/visionik/mogcli/internal/cli/calendar.go:408.16,410.3 1 0
github.com/visionik/mogcli/internal/cli/calendar.go:412.2,412.15 1 0
github.com/visionik/mogcli/internal/cli/calendar.go:412.15,416.3 3 0
github.com/visionik/mogcli/internal/cli/calendar.go:418.2,419.12 2 0
github.com/visionik/mogcli/internal/cli/calendar.go:483.48,485.16 2 0
github.com/visionik/mogcli/internal/cli/calendar.go:485.16,487.3 1 0
github.com/visionik/mogcli/internal/cli/calendar.go:489.2,491.22 3 0
github.com/visionik/mogcli/internal/cli/calendar.go:491.22,493.3 1 0
github.com/visionik/mogcli/internal/cli/calendar.go:495.2,496.16 2 0
github.com/visionik/mogcli/internal/cli/calendar.go:496.16,498.3 1 0
github.com/visionik/mogcli/internal/cli/calendar.go:500.2,503.52 2 0
github.com/visionik/mogcli/internal/cli/calendar.go:503.52,505.3 1 0
github.com/visionik/mogcli/internal/cli/calendar.go:507.2,507.15 1 0
github.com/visionik/mogcli/internal/cli/calendar.go:507.15,509.3 1 0
github.com/visionik/mogcli/internal/cli/calendar.go:511.2,511.26 1 0
github.com/visionik/mogcli/internal/cli/calendar.go:511.26,514.3 2 0
github.com/visionik/mogcli/internal/cli/calendar.go:516.2,518.34 3 0
github.com/visionik/mogcli/internal/cli/calendar.go:518.34,521.31 3 0
github.com/visionik/mogcli/internal/cli/calendar.go:521.31,522.39 1 0
github.com/visionik/mogcli/internal/cli/calendar.go:522.39,524.5 1 0
github.com/visionik/mogcli/internal/cli/calendar.go:525.4,525.36 1 0
github.com/visionik/mogcli/internal/cli/calendar.go:525.36,527.5 1 0
github.com/visionik/mogcli/internal/cli/calendar.go:529.3,530.24 2 0
github.com/visionik/mogcli/internal/cli/calendar.go:530.24,532.4 1 0
github.com/visionik/mogcli/internal/cli/calendar.go:533.3,533.17 1 0
github.com/visionik/mogcli/internal/cli/calendar.go:533.17,535.4 1 0
github.com/visionik/mogcli/internal/cli/calendar.go:535.9,537.4 1 0
github.com/visionik/mogcli/internal/cli/calendar.go:538.3,538.19 1 0
github.com/visionik/mogcli/internal/cli/calendar.go:538.19,540.4 1 0
github.com/visionik/mogcli/internal/cli/calendar.go:542.2,543.12 2 0
github.com/visionik/mogcli/internal/cli/calendar.go:546.44,548.24 2 1
github.com/visionik/mogcli/internal/cli/calendar.go:548.24,550.21 2 1
github.com/visionik/mogcli/internal/cli/calendar.go:550.21,552.4 1 1
github.com/visionik/mogcli/internal/cli/calendar.go:552.9,554.4 1 1
github.com/visionik/mogcli/internal/cli/calendar.go:557.2,558.63 2 1
github.com/visionik/mogcli/internal/cli/calendar.go:558.63,560.3 1 1
github.com/visionik/mogcli/internal/cli/calendar.go:562.2,564.13 3 1
github.com/visionik/mogcli/internal/cli/calendar.go:564.13,566.3 1 1
github.com/visionik/mogcli/internal/cli/calendar.go:569.50,571.13 2 1
github.com/visionik/mogcli/internal/cli/calendar.go:571.13,573.3 1 0
github.com/visionik/mogcli/internal/cli/calendar.go:574.2,576.24 2 1
github.com/visionik/mogcli/internal/cli/calendar.go:576.24,578.3 1 1
github.com/visionik/mogcli/internal/cli/calendar.go:579.2,579.22 1 1
github.com/visionik/mogcli/internal/cli/calendar.go:579.22,581.3 1 1
github.com/visionik/mogcli/internal/cli/calendar.go:582.2,582.63 1 1
github.com/visionik/mogcli/internal/cli/calendar.go:582.63,584.3 1 1
github.com/visionik/mogcli/internal/cli/calendar.go:585.2,585.28 1 1
github.com/visionik/mogcli/internal/cli/calendar.go:585.28,589.3 1 1
github.com/visionik/mogcli/internal/cli/calendar.go:590.2,590.51 1 1
github.com/visionik/mogcli/internal/cli/calendar.go:590.51,592.39 2 1
github.com/visionik/mogcli/internal/cli/calendar.go:592.39,594.4 1 1
github.com/visionik/mogcli/internal/cli/calendar.go:595.3,595.32 1 1
github.com/visionik/mogcli/internal/cli/contacts.go:29.49,31.16 2 0
github.com/visionik/mogcli/internal/cli/contacts.go:31.16,33.3 1 0
github.com/visionik/mogcli/internal/cli/contacts.go:35.2,41.16 6 0
github.com/visionik/mogcli/internal/cli/contacts.go:41.16,43.3 1 0
github.com/visionik/mogcli/internal/cli/contacts.go:45.2,48.52 2 0
github.com/visionik/mogcli/internal/cli/contacts.go:48.52,50.3 1 0
github.com/visionik/mogcli/internal/cli/contacts.go:52.2,52.15 1 0
github.com/visionik/mogcli/internal/cli/contacts.go:52.15,54.3 1 0
github.com/visionik/mogcli/internal/cli/contacts.go:56.2,56.31 1 0
github.com/visionik/mogcli/internal/cli/contacts.go:56.31,58.32 2 0
github.com/visionik/mogcli/internal/cli/contacts.go:58.32,60.4 1 0
github.com/visionik/mogcli/internal/cli/contacts.go:61.3,61.77 1 0
github.com/visionik/mogcli/internal/cli/contacts.go:63.2,63.12 1 0
github.com/visionik/mogcli/internal/cli/contacts.go:72.51,74.16 2 0
github.com/visionik/mogcli/internal/cli/contacts.go:74.16,76.3 1 0
github.com/visionik/mogcli/internal/cli/contacts.go:78.2,83.16 5 0
github.com/visionik/mogcli/internal/cli/contacts.go:83.16,85.3 1 0
github.com/visionik/mogcli/internal/cli/contacts.go:87.2,90.52 2 0
github.com/visionik/mogcli/internal/cli/contacts.go:90.52,92.3 1 0
github.com/visionik/mogcli/internal/cli/contacts.go:94.2,94.15 1 0
github.com/visionik/mogcli/internal/cli/contacts.go:94.15,96.3 1 0
github.com/visionik/mogcli/internal/cli/contacts.go:98.2,98.31 1 0
github.com/visionik/mogcli/internal/cli/contacts.go:98.31,100.32 2 0
github.com/visionik/mogcli/internal/cli/contacts.go:100.32,102.4 1 0
github.com/visionik/mogcli/internal/cli/contacts.go:103.3,103.77 1 0
github.com/visionik/mogcli/internal/cli/contacts.go:105.2,105.12 1 0
github.com/visionik/mogcli/internal/cli/contacts.go:114.48,116.16 2 0
github.com/visionik/mogcli/internal/cli/contacts.go:116.16,118.3 1 0
github.com/visionik/mogcli/internal/cli/contacts.go:120.2,124.16 4 0
github.com/visionik/mogcli/internal/cli/contacts.go:124.16,126.3 1 0
github.com/visionik/mogcli/internal/cli/contacts.go:128.2,129.55 2 0
github.com/visionik/mogcli/internal/cli/contacts.go:129.55,131.3 1 0
github.com/visionik/mogcli/internal/cli/contacts.go:133.2,133.15 1 0
github.com/visionik/mogcli/internal/cli/contacts.go:133.15,135.3 1 0
github.com/visionik/mogcli/internal/cli/contacts.go:137.2,139.43 3 0
github.com/visionik/mogcli/internal/cli/contacts.go:139.43,141.3 1 0
github.com/visionik/mogcli/internal/cli/contacts.go:142.2,142.43 1 0
github.com/visionik/mogcli/internal/cli/contacts.go:142.43,144.3 1 0
github.com/visionik/mogcli/internal/cli/contacts.go:145.2,145.31 1 0
github.com/visionik/mogcli/internal/cli/contacts.go:145.31,147.3 1 0
github.com/visionik/mogcli/internal/cli/contacts.go:148.2,148.31 1 0
github.com/visionik/mogcli/internal/cli/contacts.go:148.31,150.3 1 0
github.com/visionik/mogcli/internal/cli/contacts.go:151.2,151.28 1 0
github.com/visionik/mogcli/internal/cli/contacts.go:151.28,153.3 1 0
github.com/visionik/mogcli/internal/cli/contacts.go:154.2,154.12 1 0
github.com/visionik/mogcli/internal/cli/contacts.go:167.51,169.16 2 0
github.com/visionik/mogcli/internal/cli/contacts.go:169.16,171.3 1 0
github.com/visionik/mogcli/internal/cli/contacts.go:173.2,177.19 2 0
github.com/visionik/mogcli/internal/cli/contacts.go:177.19,181.3 1 0
github.com/visionik/mogcli/internal/cli/contacts.go:183.2,183.19 1 0
github.com/visionik/mogcli/internal/cli/contacts.go:183.19,185.3 1 0
github.com/visionik/mogcli/internal/cli/contacts.go:187.2,187.21 1 0
github.com/visionik/mogcli/internal/cli/contacts.go:187.21,189.3 1 0
github.com/visionik/mogcli/internal/cli/contacts.go:191.2,191.19 1 0
github.com/visionik/mogcli/internal/cli/contacts.go:191.19,193.3 1 0
github.com/visionik/mogcli/internal/cli/contacts.go:195.2,197.16 3 0
github.com/visionik/mogcli/internal/cli/contacts.go:197.16,199.3 1 0
github.com/visionik/mogcli/internal/cli/contacts.go:201.2,202.55 2 0
github.com/visionik/mogcli/internal/cli/contacts.go:202.55,204.3 1 0
github.com/visionik/mogcli/internal/cli/contacts.go:206.2,207.12 2 0
github.com/visionik/mogcli/internal/cli/contacts.go:221.51,223.16 2 1
github.com/visionik/mogcli/internal/cli/contacts.go:223.16,225.3 1 0
github.com/visionik/mogcli/internal/cli/contacts.go:227.2,229.18 2 1
github.com/visionik/mogcli/internal/cli/contacts.go:229.18,231.3 1 0
github.com/visionik/mogcli/internal/cli/contacts.go:232.2,232.19 1 1
github.com/visionik/mogcli/internal/cli/contacts.go:232.19,234.3 1 0
github.com/visionik/mogcli/internal/cli/contacts.go:235.2,235.19 1 1
github.com/visionik/mogcli/internal/cli/contacts.go:235.19,237.3 1 0
github.com/visionik/mogcli/internal/cli/contacts.go:238.2,238.21 1 1
github.com/visionik/mogcli/internal/cli/contacts.go:238.21,240.3 1 0
github.com/visionik/mogcli/internal/cli/contacts.go:241.2,241.19 1 1
github.com/visionik/mogcli/internal/cli/contacts.go:241.19,243.3 1 0
github.com/visionik/mogcli/internal/cli/contacts.go:245.2,245.23 1 1
github.com/visionik/mogcli/internal/cli/contacts.go:245.23,247.3 1 1
github.com/visionik/mogcli/internal/cli/contacts.go:249.2,253.16 4 0
github.com/visionik/mogcli/internal/cli/contacts.go:253.16,255.3 1 0
github.com/visionik/mogcli/internal/cli/contacts.go:257.2,258.12 2 0
github.com/visionik/mogcli/internal/cli/contacts.go:267.51,269.16 2 0
github.com/visionik/mogcli/internal/cli/contacts.go:269.16,271.3 1 0
github.com/visionik/mogcli/internal/cli/contacts.go:273.2,276.49 3 0
github.com/visionik/mogcli/internal/cli/contacts.go:276.49,278.3 1 0
github.com/visionik/mogcli/internal/cli/contacts.go:280.2,281.12 2 0
github.com/visionik/mogcli/internal/cli/contacts.go:290.54,292.16 2 0
github.com/visionik/mogcli/internal/cli/contacts.go:292.16,294.3 1 0
github.com/visionik/mogcli/internal/cli/contacts.go:296.2,302.16 6 0
github.com/visionik/mogcli/internal/cli/contacts.go:302.16,304.3 1 0
github.com/visionik/mogcli/internal/cli/contacts.go:306.2,309.52 2 0
github.com/visionik/mogcli/internal/cli/contacts.go:309.52,311.3 1 0
github.com/visionik/mogcli/internal/cli/contacts.go:313.2,313.15 1 0
github.com/visionik/mogcli/internal/cli/contacts.go:313.15,315.3 1 0
github.com/visionik/mogcli/internal/cli/contacts.go:317.2,317.31 1 0
github.com/visionik/mogcli/internal/cli/contacts.go:317.31,319.3 1 0
github.com/visionik/mogcli/internal/cli/contacts.go:320.2,320.12 1 0
github.com/visionik/mogcli/internal/cli/drive.go:34.44,36.16 2 0
github.com/visionik/mogcli/internal/cli/drive.go:36.16,38.3 1 0
github.com/visionik/mogcli/internal/cli/drive.go:40.2,42.18 3 0
github.com/visionik/mogcli/internal/cli/drive.go:42.18,43.23 1 0
github.com/visionik/mogcli/internal/cli/drive.go:43.23,46.4 1 0
github.com/visionik/mogcli/internal/cli/drive.go:46.9,48.4 1 0
github.com/visionik/mogcli/internal/cli/drive.go:51.2,52.16 2 0
github.com/visionik/mogcli/internal/cli/drive.go:52.16,54.3 1 0
github.com/visionik/mogcli/internal/cli/drive.go:56.2,59.52 2 0
github.com/visionik/mogcli/internal/cli/drive.go:59.52,61.3 1 0
github.com/visionik/mogcli/internal/cli/drive.go:63.2,63.15 1 0
github.com/visionik/mogcli/internal/cli/drive.go:63.15,65.3 1 0
github.com/visionik/mogcli/internal/cli/drive.go:67.2,67.34 1 0
github.com/visionik/mogcli/internal/cli/drive.go:67.34,69.25 2 0
github.com/visionik/mogcli/internal/cli/drive.go:69.25,71.4 1 0
github.com/visionik/mogcli/internal/cli/drive.go:72.3,73.20 2 0
github.com/visionik/mogcli/internal/cli/drive.go:73.20,75.4 1 0
github.com/visionik/mogcli/internal/cli/drive.go:76.3,76.87 1 0
github.com/visionik/mogcli/internal/cli/drive.go:78.2,78.12 1 0
github.com/visionik/mogcli/internal/cli/drive.go:88.48,90.16 2 0
github.com/visionik/mogcli/internal/cli/drive.go:90.16,92.3 1 0
github.com/visionik/mogcli/internal/cli/drive.go:94.2,100.16 6 0
github.com/visionik/mogcli/internal/cli/drive.go:100.16,102.3 1 0
github.com/visionik/mogcli/internal/cli/drive.go:104.2,107.52 2 0
github.com/visionik/mogcli/internal/cli/drive.go:107.52,109.3 1 0
github.com/visionik/mogcli/internal/cli/drive.go:111.2,111.15 1 0
github.com/visionik/mogcli/internal/cli/drive.go:111.15,113.3 1 0
github.com/visionik/mogcli/internal/cli/drive.go:115.2,115.34 1 0
github.com/visionik/mogcli/internal/cli/drive.go:115.34,117.25 2 0
github.com/visionik/mogcli/internal/cli/drive.go:117.25,119.4 1 0
github.com/visionik/mogcli/internal/cli/drive.go:120.3,120.74 1 0
github.com/visionik/mogcli/internal/cli/drive.go:122.2,122.12 1 0
github.com/visionik/mogcli/internal/cli/drive.go:131.45,133.16 2 0
github.com/visionik/mogcli/internal/cli/drive.go:133.16,135.3 1 0
github.com/visionik/mogcli/internal/cli/drive.go:137.2,141.16 4 0
github.com/visionik/mogcli/internal/cli/drive.go:141.16,143.3 1 0
github.com/visionik/mogcli/internal/cli/drive.go:145.2,146.52 2 0
github.com/visionik/mogcli/internal/cli/drive.go:146.52,148.3 1 0
github.com/visionik/mogcli/internal/cli/drive.go:150.2,150.15 1 0
github.com/visionik/mogcli/internal/cli/drive.go:150.15,152.3 1 0
github.com/visionik/mogcli/internal/cli/drive.go:154.2,159.23 6 0
github.com/visionik/mogcli/internal/cli/drive.go:159.23,161.3 1 0
github.com/visionik/mogcli/internal/cli/drive.go:162.2,162.12 1 0
github.com/visionik/mogcli/internal/cli/drive.go:172.50,174.16 2 0
github.com/visionik/mogcli/internal/cli/drive.go:174.16,176.3 1 0
github.com/visionik/mogcli/internal/cli/drive.go:178.2,182.16 4 0
github.com/visionik/mogcli/internal/cli/drive.go:182.16,184.3 1 0
github.com/visionik/mogcli/internal/cli/drive.go:186.2,186.56 1 0
github.com/visionik/mogcli/internal/cli/drive.go:186.56,188.3 1 0
github.com/visionik/mogcli/internal/cli/drive.go:190.2,191.12 2 0
github.com/visionik/mogcli/internal/cli/drive.go:202.48,204.16 2 0
github.com/visionik/mogcli/internal/cli/drive.go:204.16,206.3 1 0
github.com/visionik/mogcli/internal/cli/drive.go:208.2,209.16 2 0
github.com/visionik/mogcli/internal/cli/drive.go:209.16,211.3 1 0
github.com/visionik/mogcli/internal/cli/drive.go:213.2,214.16 2 0
github.com/visionik/mogcli/internal/cli/drive.go:214.16,216.3 1 0
github.com/visionik/mogcli/internal/cli/drive.go:218.2,220.20 3 0
github.com/visionik/mogcli/internal/cli/drive.go:220.20,222.3 1 0
github.com/visionik/mogcli/internal/cli/drive.go:222.8,224.3 1 0
github.com/visionik/mogcli/internal/cli/drive.go:228.2,229.16 2 0
github.com/visionik/mogcli/internal/cli/drive.go:229.16,231.3 1 0
github.com/visionik/mogcli/internal/cli/drive.go:233.2,234.56 2 0
github.com/visionik/mogcli/internal/cli/drive.go:234.56,236.3 1 0
github.com/visionik/mogcli/internal/cli/drive.go:238.2,239.12 2 0
github.com/visionik/mogcli/internal/cli/drive.go:249.47,251.16 2 0
github.com/visionik/mogcli/internal/cli/drive.go:251.16,253.3 1 0
github.com/visionik/mogcli/internal/cli/drive.go:255.2,262.20 4 0
github.com/visionik/mogcli/internal/cli/drive.go:262.20,264.3 1 0
github.com/visionik/mogcli/internal/cli/drive.go:266.2,267.16 2 0
github.com/visionik/mogcli/internal/cli/drive.go:267.16,269.3 1 0
github.com/visionik/mogcli/internal/cli/drive.go:271.2,272.52 2 0
github.com/visionik/mogcli/internal/cli/drive.go:272.52,274.3 1 0
github.com/visionik/mogcli/internal/cli/drive.go:276.2,277.12 2 0
github.com/visionik/mogcli/internal/cli/drive.go:287.46,289.16 2 0
github.com/visionik/mogcli/internal/cli/drive.go:289.16,291.3 1 0
github.com/visionik/mogcli/internal/cli/drive.go:293.2,303.16 5 0
github.com/visionik/mogcli/internal/cli/drive.go:303.16,305.3 1 0
github.com/visionik/mogcli/internal/cli/drive.go:307.2,308.12 2 0
github.com/visionik/mogcli/internal/cli/drive.go:318.46,320.16 2 0
github.com/visionik/mogcli/internal/cli/drive.go:320.16,322.3 1 0
github.com/visionik/mogcli/internal/cli/drive.go:324.2,332.16 5 0
github.com/visionik/mogcli/internal/cli/drive.go:332.16,334.3 1 0
github.com/visionik/mogcli/internal/cli/drive.go:336.2,337.12 2 0
github.com/visionik/mogcli/internal/cli/drive.go:347.48,349.16 2 0
github.com/visionik/mogcli/internal/cli/drive.go:349.16,351.3 1 0
github.com/visionik/mogcli/internal/cli/drive.go:353.2,361.16 5 0
github.com/visionik/mogcli/internal/cli/drive.go:361.16,363.3 1 0
github.com/visionik/mogcli/internal/cli/drive.go:365.2,366.12 2 0
github.com/visionik/mogcli/internal/cli/drive.go:375.48,377.16 2 0
github.com/visionik/mogcli/internal/cli/drive.go:377.16,379.3 1 0
github.com/visionik/mogcli/internal/cli/drive.go:381.2,384.49 3 0
github.com/visionik/mogcli/internal/cli/drive.go:384.49,386.3 1 0
github.com/visionik/mogcli/internal/cli/drive.go:388.2,389.12 2 0
github.com/visionik/mogcli/internal/cli/drive.go:414.37,416.18 2 1
github.com/visionik/mogcli/internal/cli/drive.go:416.18,418.3 1 1
github.com/visionik/mogcli/internal/cli/drive.go:419.2,420.46 2 1
github.com/visionik/mogcli/internal/cli/drive.go:420.46,423.3 2 1
github.com/visionik/mogcli/internal/cli/drive.go:424.2,424.76 1 1
github.com/visionik/mogcli/internal/cli/excel.go:35.46,37.16 2 0
github.com/visionik/mogcli/internal/cli/excel.go:37.16,39.3 1 0
github.com/visionik/mogcli/internal/cli/excel.go:41.2,48.16 7 0
github.com/visionik/mogcli/internal/cli/excel.go:48.16,50.3 1 0
github.com/visionik/mogcli/internal/cli/excel.go:52.2,55.52 2 0
github.com/visionik/mogcli/internal/cli/excel.go:55.52,57.3 1 0
github.com/visionik/mogcli/internal/cli/excel.go:59.2,59.15 1 0
github.com/visionik/mogcli/internal/cli/excel.go:59.15,61.3 1 0
github.com/visionik/mogcli/internal/cli/excel.go:63.2,63.26 1 0
github.com/visionik/mogcli/internal/cli/excel.go:63.26,66.3 2 0
github.com/visionik/mogcli/internal/cli/excel.go:68.2,70.32 3 0
github.com/visionik/mogcli/internal/cli/excel.go:70.32,73.38 3 0
github.com/visionik/mogcli/internal/cli/excel.go:73.38,75.4 1 0
github.com/visionik/mogcli/internal/cli/excel.go:77.2,78.12 2 0
github.com/visionik/mogcli/internal/cli/excel.go:87.50,89.16 2 0
github.com/visionik/mogcli/internal/cli/excel.go:89.16,91.3 1 0
github.com/visionik/mogcli/internal/cli/excel.go:93.2,97.16 4 0
github.com/visionik/mogcli/internal/cli/excel.go:97.16,99.3 1 0
github.com/visionik/mogcli/internal/cli/excel.go:101.2,104.52 2 0
github.com/visionik/mogcli/internal/cli/excel.go:104.52,106.3 1 0
github.com/visionik/mogcli/internal/cli/excel.go:108.2,108.15 1 0
github.com/visionik/mogcli/internal/cli/excel.go:108.15,110.3 1 0
github.com/visionik/mogcli/internal/cli/excel.go:112.2,112.26 1 0
github.com/visionik/mogcli/internal/cli/excel.go:112.26,115.3 2 0
github.com/visionik/mogcli/internal/cli/excel.go:117.2,119.35 3 0
github.com/visionik/mogcli/internal/cli/excel.go:119.35,121.36 2 0
github.com/visionik/mogcli/internal/cli/excel.go:121.36,123.4 1 0
github.com/visionik/mogcli/internal/cli/excel.go:124.3,126.26 3 0
github.com/visionik/mogcli/internal/cli/excel.go:126.26,128.4 1 0
github.com/visionik/mogcli/internal/cli/excel.go:130.2,131.12 2 0
github.com/visionik/mogcli/internal/cli/excel.go:142.45,144.16 2 0
github.com/visionik/mogcli/internal/cli/excel.go:144.16,146.3 1 0
github.com/visionik/mogcli/internal/cli/excel.go:148.2,153.21 4 0
github.com/visionik/mogcli/internal/cli/excel.go:153.21,155.17 2 0
github.com/visionik/mogcli/internal/cli/excel.go:155.17,157.4 1 0
github.com/visionik/mogcli/internal/cli/excel.go:158.3,158.23 1 0
github.com/visionik/mogcli/internal/cli/excel.go:158.23,160.4 1 0
github.com/visionik/mogcli/internal/cli/excel.go:161.3,161.29 1 0
github.com/visionik/mogcli/internal/cli/excel.go:165.2,165.55 1 0
github.com/visionik/mogcli/internal/cli/excel.go:165.55,168.17 3 0
github.com/visionik/mogcli/internal/cli/excel.go:168.17,170.4 1 0
github.com/visionik/mogcli/internal/cli/excel.go:171.3,171.23 1 0
github.com/visionik/mogcli/internal/cli/excel.go:171.23,173.4 1 0
github.com/visionik/mogcli/internal/cli/excel.go:174.3,174.29 1 0
github.com/visionik/mogcli/internal/cli/excel.go:178.2,179.19 2 0
github.com/visionik/mogcli/internal/cli/excel.go:179.19,182.3 1 0
github.com/visionik/mogcli/internal/cli/excel.go:182.8,185.3 1 0
github.com/visionik/mogcli/internal/cli/excel.go:187.2,188.16 2 0
github.com/visionik/mogcli/internal/cli/excel.go:188.16,190.3 1 0
github.com/visionik/mogcli/internal/cli/excel.go:192.2,193.57 2 0
github.com/visionik/mogcli/internal/cli/excel.go:193.57,195.3 1 0
github.com/visionik/mogcli/internal/cli/excel.go:197.2,197.15 1 0
github.com/visionik/mogcli/internal/cli/excel.go:197.15,199.3 1 0
github.com/visionik/mogcli/internal/cli/excel.go:201.2,201.32 1 0
github.com/visionik/mogcli/internal/cli/excel.go:201.32,204.3 2 0
github.com/visionik/mogcli/internal/cli/excel.go:206.2,207.22 2 0
github.com/visionik/mogcli/internal/cli/excel.go:207.22,209.3 1 0
github.com/visionik/mogcli/internal/cli/excel.go:210.2,214.39 3 0
github.com/visionik/mogcli/internal/cli/excel.go:214.39,215.30 1 0
github.com/visionik/mogcli/internal/cli/excel.go:215.30,217.33 2 0
github.com/visionik/mogcli/internal/cli/excel.go:217.33,219.5 1 0
github.com/visionik/mogcli/internal/cli/excel.go:220.4,220.27 1 0
github.com/visionik/mogcli/internal/cli/excel.go:220.27,222.5 1 0
github.com/visionik/mogcli/internal/cli/excel.go:227.2,227.39 1 0
github.com/visionik/mogcli/internal/cli/excel.go:227.39,229.30 2 0
github.com/visionik/mogcli/internal/cli/excel.go:229.30,231.21 2 0
github.com/visionik/mogcli/internal/cli/excel.go:231.21,233.5 1 0
github.com/visionik/mogcli/internal/cli/excel.go:234.4,234.67 1 0
github.com/visionik/mogcli/internal/cli/excel.go:236.3,237.13 2 0
github.com/visionik/mogcli/internal/cli/excel.go:237.13,240.4 2 0
github.com/visionik/mogcli/internal/cli/excel.go:240.9,242.4 1 0
github.com/visionik/mogcli/internal/cli/excel.go:245.2,246.12 2 0
github.com/visionik/mogcli/internal/cli/excel.go:258.48,260.16 2 0
github.com/visionik/mogcli/internal/cli/excel.go:260.16,262.3 1 0
github.com/visionik/mogcli/internal/cli/excel.go:264.2,264.24 1 0
github.com/visionik/mogcli/internal/cli/excel.go:264.24,266.3 1 0
github.com/visionik/mogcli/internal/cli/excel.go:269.2,280.16 6 0
github.com/visionik/mogcli/internal/cli/excel.go:280.16,282.3 1 0
github.com/visionik/mogcli/internal/cli/excel.go:284.2,284.15 1 0
github.com/visionik/mogcli/internal/cli/excel.go:284.15,286.3 1 0
github.com/visionik/mogcli/internal/cli/excel.go:288.2,292.12 5 0
github.com/visionik/mogcli/internal/cli/excel.go:303.48,305.16 2 0
github.com/visionik/mogcli/internal/cli/excel.go:305.16,307.3 1 0
github.com/visionik/mogcli/internal/cli/excel.go:309.2,309.24 1 0
github.com/visionik/mogcli/internal/cli/excel.go:309.24,311.3 1 0
github.com/visionik/mogcli/internal/cli/excel.go:314.2,315.29 2 0
github.com/visionik/mogcli/internal/cli/excel.go:315.29,317.3 1 0
github.com/visionik/mogcli/internal/cli/excel.go:319.2,328.16 5 0
github.com/visionik/mogcli/internal/cli/excel.go:328.16,330.3 1 0
github.com/visionik/mogcli/internal/cli/excel.go:332.2,332.15 1 0
github.com/visionik/mogcli/internal/cli/excel.go:332.15,334.3 1 0
github.com/visionik/mogcli/internal/cli/excel.go:336.2,339.12 4 0
github.com/visionik/mogcli/internal/cli/excel.go:349.48,351.16 2 0
github.com/visionik/mogcli/internal/cli/excel.go:351.16,353.3 1 0
github.com/visionik/mogcli/internal/cli/excel.go:356.2,357.56 2 0
github.com/visionik/mogcli/internal/cli/excel.go:357.56,359.3 1 0
github.com/visionik/mogcli/internal/cli/excel.go:363.2,365.20 3 0
github.com/visionik/mogcli/internal/cli/excel.go:365.20,367.3 1 0
github.com/visionik/mogcli/internal/cli/excel.go:367.8,369.3 1 0
github.com/visionik/mogcli/internal/cli/excel.go:372.2,375.16 3 0
github.com/visionik/mogcli/internal/cli/excel.go:375.16,377.3 1 0
github.com/visionik/mogcli/internal/cli/excel.go:379.2,380.52 2 0
github.com/visionik/mogcli/internal/cli/excel.go:380.52,382.3 1 0
github.com/visionik/mogcli/internal/cli/excel.go:384.2,384.15 1 0
github.com/visionik/mogcli/internal/cli/excel.go:384.15,386.3 1 0
github.com/visionik/mogcli/internal/cli/excel.go:388.2,391.12 4 0
github.com/visionik/mogcli/internal/cli/excel.go:401.50,403.16 2 0
github.com/visionik/mogcli/internal/cli/excel.go:403.16,405.3 1 0
github.com/visionik/mogcli/internal/cli/excel.go:407.2,408.18 2 0
github.com/visionik/mogcli/internal/cli/excel.go:408.18,410.3 1 0
github.com/visionik/mogcli/internal/cli/excel.go:412.2,416.16 4 0
github.com/visionik/mogcli/internal/cli/excel.go:416.16,418.3 1 0
github.com/visionik/mogcli/internal/cli/excel.go:420.2,421.53 2 0
github.com/visionik/mogcli/internal/cli/excel.go:421.53,423.3 1 0
github.com/visionik/mogcli/internal/cli/excel.go:425.2,425.15 1 0
github.com/visionik/mogcli/internal/cli/excel.go:425.15,427.3 1 0
github.com/visionik/mogcli/internal/cli/excel.go:429.2,432.12 4 0
github.com/visionik/mogcli/internal/cli/excel.go:441.48,443.16 2 0
github.com/visionik/mogcli/internal/cli/excel.go:443.16,445.3 1 0
github.com/visionik/mogcli/internal/cli/excel.go:447.2,451.16 4 0
github.com/visionik/mogcli/internal/cli/excel.go:451.16,453.3 1 0
github.com/visionik/mogcli/internal/cli/excel.go:455.2,458.52 2 0
github.com/visionik/mogcli/internal/cli/excel.go:458.52,460.3 1 0
github.com/visionik/mogcli/internal/cli/excel.go:462.2,462.15 1 0
github.com/visionik/mogcli/internal/cli/excel.go:462.15,464.3 1 0
github.com/visionik/mogcli/internal/cli/excel.go:466.2,466.26 1 0
github.com/visionik/mogcli/internal/cli/excel.go:466.26,469.3 2 0
github.com/visionik/mogcli/internal/cli/excel.go:471.2,473.35 3 0
github.com/visionik/mogcli/internal/cli/excel.go:473.35,475.24 2 0
github.com/visionik/mogcli/internal/cli/excel.go:475.24,477.4 1 0
github.com/visionik/mogcli/internal/cli/excel.go:478.3,478.23 1 0
github.com/visionik/mogcli/internal/cli/excel.go:478.23,480.4 1 0
github.com/visionik/mogcli/internal/cli/excel.go:481.3,481.38 1 0
github.com/visionik/mogcli/internal/cli/excel.go:483.2,484.12 2 0
github.com/visionik/mogcli/internal/cli/excel.go:495.47,497.16 2 0
github.com/visionik/mogcli/internal/cli/excel.go:497.16,499.3 1 0
github.com/visionik/mogcli/internal/cli/excel.go:501.2,510.16 5 0
github.com/visionik/mogcli/internal/cli/excel.go:510.16,512.3 1 0
github.com/visionik/mogcli/internal/cli/excel.go:514.2,514.15 1 0
github.com/visionik/mogcli/internal/cli/excel.go:514.15,516.3 1 0
github.com/visionik/mogcli/internal/cli/excel.go:518.2,521.12 4 0
github.com/visionik/mogcli/internal/cli/excel.go:533.48,535.16 2 0
github.com/visionik/mogcli/internal/cli/excel.go:535.16,537.3 1 0
github.com/visionik/mogcli/internal/cli/excel.go:539.2,542.40 3 0
github.com/visionik/mogcli/internal/cli/excel.go:542.40,545.22 2 0
github.com/visionik/mogcli/internal/cli/excel.go:545.22,547.18 2 0
github.com/visionik/mogcli/internal/cli/excel.go:547.18,549.5 1 0
github.com/visionik/mogcli/internal/cli/excel.go:550.4,550.24 1 0
github.com/visionik/mogcli/internal/cli/excel.go:550.24,552.5 1 0
github.com/visionik/mogcli/internal/cli/excel.go:553.4,553.30 1 0
github.com/visionik/mogcli/internal/cli/excel.go:557.3,559.17 3 0
github.com/visionik/mogcli/internal/cli/excel.go:559.17,561.4 1 0
github.com/visionik/mogcli/internal/cli/excel.go:563.3,564.58 2 0
github.com/visionik/mogcli/internal/cli/excel.go:564.58,566.4 1 0
github.com/visionik/mogcli/internal/cli/excel.go:569.3,570.40 2 0
github.com/visionik/mogcli/internal/cli/excel.go:570.40,572.29 2 0
github.com/visionik/mogcli/internal/cli/excel.go:572.29,574.5 1 0
github.com/visionik/mogcli/internal/cli/excel.go:575.4,575.52 1 0
github.com/visionik/mogcli/internal/cli/excel.go:578.3,578.73 1 0
github.com/visionik/mogcli/internal/cli/excel.go:578.73,580.4 1 0
github.com/visionik/mogcli/internal/cli/excel.go:582.3,585.40 4 0
github.com/visionik/mogcli/internal/cli/excel.go:586.8,590.17 3 0
github.com/visionik/mogcli/internal/cli/excel.go:590.17,592.4 1 0
github.com/visionik/mogcli/internal/cli/excel.go:594.3,594.57 1 0
github.com/visionik/mogcli/internal/cli/excel.go:594.57,596.4 1 0
github.com/visionik/mogcli/internal/cli/excel.go:598.3,600.40 3 0
github.com/visionik/mogcli/internal/cli/excel.go:603.2,603.12 1 0
github.com/visionik/mogcli/internal/cli/excel.go:614.46,616.16 2 0
github.com/visionik/mogcli/internal/cli/excel.go:616.16,618.3 1 0
github.com/visionik/mogcli/internal/cli/excel.go:620.2,623.20 2 0
github.com/visionik/mogcli/internal/cli/excel.go:623.20,627.3 1 0
github.com/visionik/mogcli/internal/cli/excel.go:629.2,633.16 4 0
github.com/visionik/mogcli/internal/cli/excel.go:633.16,635.3 1 0
github.com/visionik/mogcli/internal/cli/excel.go:637.2,637.15 1 0
github.com/visionik/mogcli/internal/cli/excel.go:637.15,639.3 1 0
github.com/visionik/mogcli/internal/cli/excel.go:641.2,643.12 3 0
github.com/visionik/mogcli/internal/cli/excel.go:668.103,671.16 3 0
github.com/visionik/mogcli/internal/cli/excel.go:671.16,673.3 1 0
github.com/visionik/mogcli/internal/cli/excel.go:675.2,678.52 2 0
github.com/visionik/mogcli/internal/cli/excel.go:678.52,680.3 1 0
github.com/visionik/mogcli/internal/cli/excel.go:681.2,681.24 1 0
github.com/visionik/mogcli/internal/cli/excel.go:684.79,687.21 2 1
github.com/visionik/mogcli/internal/cli/excel.go:687.21,690.3 1 1
github.com/visionik/mogcli/internal/cli/excel.go:692.2,700.31 7 1
github.com/visionik/mogcli/internal/cli/excel.go:700.31,702.32 2 1
github.com/visionik/mogcli/internal/cli/excel.go:702.32,703.25 1 1
github.com/visionik/mogcli/internal/cli/excel.go:703.25,705.5 1 1
github.com/visionik/mogcli/internal/cli/excel.go:705.10,707.5 1 0
github.com/visionik/mogcli/internal/cli/excel.go:708.4,708.9 1 1
github.com/visionik/mogcli/internal/cli/excel.go:711.2,711.15 1 1
github.com/visionik/mogcli/internal/cli/excel.go:714.44,717.25 3 1
github.com/visionik/mogcli/internal/cli/excel.go:717.25,718.27 1 1
github.com/visionik/mogcli/internal/cli/excel.go:718.27,720.4 1 1
github.com/visionik/mogcli/internal/cli/excel.go:720.9,720.34 1 1
github.com/visionik/mogcli/internal/cli/excel.go:720.34,722.4 1 1
github.com/visionik/mogcli/internal/cli/excel.go:722.9,724.9 2 1
github.com/visionik/mogcli/internal/cli/excel.go:727.2,727.17 1 1
github.com/visionik/mogcli/internal/cli/excel.go:731.30,736.2 1 1
github.com/visionik/mogcli/internal/cli/mail.go:34.47,36.16 2 0
github.com/visionik/mogcli/internal/cli/mail.go:36.16,38.3 1 0
github.com/visionik/mogcli/internal/cli/mail.go:40.2,46.37 6 0
github.com/visionik/mogcli/internal/cli/mail.go:46.37,48.3 1 0
github.com/visionik/mogcli/internal/cli/mail.go:50.2,51.20 2 0
github.com/visionik/mogcli/internal/cli/mail.go:51.20,53.3 1 0
github.com/visionik/mogcli/internal/cli/mail.go:55.2,56.16 2 0
github.com/visionik/mogcli/internal/cli/mail.go:56.16,58.3 1 0
github.com/visionik/mogcli/internal/cli/mail.go:60.2,63.52 2 0
github.com/visionik/mogcli/internal/cli/mail.go:63.52,65.3 1 0
github.com/visionik/mogcli/internal/cli/mail.go:67.2,67.15 1 0
github.com/visionik/mogcli/internal/cli/mail.go:67.15,69.3 1 0
github.com/visionik/mogcli/internal/cli/mail.go:71.2,71.26 1 0
github.com/visionik/mogcli/internal/cli/mail.go:71.26,74.3 2 0
github.com/visionik/mogcli/internal/cli/mail.go:76.2,76.33 1 0
github.com/visionik/mogcli/internal/cli/mail.go:76.33,78.3 1 0
github.com/visionik/mogcli/internal/cli/mail.go:80.2,81.12 2 0
github.com/visionik/mogcli/internal/cli/mail.go:90.44,92.16 2 0
github.com/visionik/mogcli/internal/cli/mail.go:92.16,94.3 1 0
github.com/visionik/mogcli/internal/cli/mail.go:96.2,100.16 4 0
github.com/visionik/mogcli/internal/cli/mail.go:100.16,102.3 1 0
github.com/visionik/mogcli/internal/cli/mail.go:104.2,105.51 2 0
github.com/visionik/mogcli/internal/cli/mail.go:105.51,107.3 1 0
github.com/visionik/mogcli/internal/cli/mail.go:109.2,109.15 1 0
github.com/visionik/mogcli/internal/cli/mail.go:109.15,111.3 1 0
github.com/visionik/mogcli/internal/cli/mail.go:113.2,114.12 2 0
github.com/visionik/mogcli/internal/cli/mail.go:130.45,132.16 2 1
github.com/visionik/mogcli/internal/cli/mail.go:132.16,134.3 1 0
github.com/visionik/mogcli/internal/cli/mail.go:136.2,139.22 3 1
github.com/visionik/mogcli/internal/cli/mail.go:139.22,142.3 2 0
github.com/visionik/mogcli/internal/cli/mail.go:142.8,142.29 1 1
github.com/visionik/mogcli/internal/cli/mail.go:142.29,144.24 2 0
github.com/visionik/mogcli/internal/cli/mail.go:144.24,146.4 1 0
github.com/visionik/mogcli/internal/cli/mail.go:146.9,148.4 1 0
github.com/visionik/mogcli/internal/cli/mail.go:149.3,149.17 1 0
github.com/visionik/mogcli/internal/cli/mail.go:149.17,151.4 1 0
github.com/visionik/mogcli/internal/cli/mail.go:152.3,152.22 1 0
github.com/visionik/mogcli/internal/cli/mail.go:155.2,155.16 1 1
github.com/visionik/mogcli/internal/cli/mail.go:155.16,157.3 1 1
github.com/visionik/mogcli/internal/cli/mail.go:159.2,162.30 2 0
github.com/visionik/mogcli/internal/cli/mail.go:162.30,177.17 4 0
github.com/visionik/mogcli/internal/cli/mail.go:177.17,179.4 1 0
github.com/visionik/mogcli/internal/cli/mail.go:180.8,194.17 3 0
github.com/visionik/mogcli/internal/cli/mail.go:194.17,196.4 1 0
github.com/visionik/mogcli/internal/cli/mail.go:199.2,200.12 2 0
github.com/visionik/mogcli/internal/cli/mail.go:207.48,209.16 2 0
github.com/visionik/mogcli/internal/cli/mail.go:209.16,211.3 1 0
github.com/visionik/mogcli/internal/cli/mail.go:213.2,215.16 3 0
github.com/visionik/mogcli/internal/cli/mail.go:215.16,217.3 1 0
github.com/visionik/mogcli/internal/cli/mail.go:219.2,222.52 2 0
github.com/visionik/mogcli/internal/cli/mail.go:222.52,224.3 1 0
github.com/visionik/mogcli/internal/cli/mail.go:226.2,226.15 1 0
github.com/visionik/mogcli/internal/cli/mail.go:226.15,228.3 1 0
github.com/visionik/mogcli/internal/cli/mail.go:230.2,231.31 2 0
github.com/visionik/mogcli/internal/cli/mail.go:231.31,234.19 3 0
github.com/visionik/mogcli/internal/cli/mail.go:234.19,236.4 1 0
github.com/visionik/mogcli/internal/cli/mail.go:238.2,238.12 1 0
github.com/visionik/mogcli/internal/cli/mail.go:255.51,257.16 2 0
github.com/visionik/mogcli/internal/cli/mail.go:257.16,259.3 1 0
github.com/visionik/mogcli/internal/cli/mail.go:261.2,266.16 5 0
github.com/visionik/mogcli/internal/cli/mail.go:266.16,268.3 1 0
github.com/visionik/mogcli/internal/cli/mail.go:270.2,273.52 2 0
github.com/visionik/mogcli/internal/cli/mail.go:273.52,275.3 1 0
github.com/visionik/mogcli/internal/cli/mail.go:277.2,277.15 1 0
github.com/visionik/mogcli/internal/cli/mail.go:277.15,279.3 1 0
github.com/visionik/mogcli/internal/cli/mail.go:281.2,281.26 1 0
github.com/visionik/mogcli/internal/cli/mail.go:281.26,284.3 2 0
github.com/visionik/mogcli/internal/cli/mail.go:286.2,286.33 1 0
github.com/visionik/mogcli/internal/cli/mail.go:286.33,288.3 1 0
github.com/visionik/mogcli/internal/cli/mail.go:289.2,289.12 1 0
github.com/visionik/mogcli/internal/cli/mail.go:301.53,303.16 2 0
github.com/visionik/mogcli/internal/cli/mail.go:303.16,305.3 1 0
github.com/visionik/mogcli/internal/cli/mail.go:307.2,308.22 2 0
github.com/visionik/mogcli/internal/cli/mail.go:308.22,310.17 2 0
github.com/visionik/mogcli/internal/cli/mail.go:310.17,312.4 1 0
github.com/visionik/mogcli/internal/cli/mail.go:313.3,313.22 1 0
github.com/visionik/mogcli/internal/cli/mail.go:316.2,327.16 4 0
github.com/visionik/mogcli/internal/cli/mail.go:327.16,329.3 1 0
github.com/visionik/mogcli/internal/cli/mail.go:331.2,332.55 2 0
github.com/visionik/mogcli/internal/cli/mail.go:332.55,334.3 1 0
github.com/visionik/mogcli/internal/cli/mail.go:336.2,337.12 2 0
github.com/visionik/mogcli/internal/cli/mail.go:346.51,348.16 2 0
github.com/visionik/mogcli/internal/cli/mail.go:348.16,350.3 1 0
github.com/visionik/mogcli/internal/cli/mail.go:352.2,355.16 4 0
github.com/visionik/mogcli/internal/cli/mail.go:355.16,357.3 1 0
github.com/visionik/mogcli/internal/cli/mail.go:359.2,360.12 2 0
github.com/visionik/mogcli/internal/cli/mail.go:369.53,371.16 2 0
github.com/visionik/mogcli/internal/cli/mail.go:371.16,373.3 1 0
github.com/visionik/mogcli/internal/cli/mail.go:375.2,377.49 3 0
github.com/visionik/mogcli/internal/cli/mail.go:377.49,379.3 1 0
github.com/visionik/mogcli/internal/cli/mail.go:381.2,382.12 2 0
github.com/visionik/mogcli/internal/cli/mail.go:397.55,399.16 2 0
github.com/visionik/mogcli/internal/cli/mail.go:399.16,401.3 1 0
github.com/visionik/mogcli/internal/cli/mail.go:403.2,406.16 4 0
github.com/visionik/mogcli/internal/cli/mail.go:406.16,408.3 1 0
github.com/visionik/mogcli/internal/cli/mail.go:410.2,413.52 2 0
github.com/visionik/mogcli/internal/cli/mail.go:413.52,415.3 1 0
github.com/visionik/mogcli/internal/cli/mail.go:417.2,417.15 1 0
github.com/visionik/mogcli/internal/cli/mail.go:417.15,419.3 1 0
github.com/visionik/mogcli/internal/cli/mail.go:421.2,421.31 1 0
github.com/visionik/mogcli/internal/cli/mail.go:421.31,423.3 1 0
github.com/visionik/mogcli/internal/cli/mail.go:424.2,424.12 1 0
github.com/visionik/mogcli/internal/cli/mail.go:435.59,437.16 2 0
github.com/visionik/mogcli/internal/cli/mail.go:437.16,439.3 1 0
github.com/visionik/mogcli/internal/cli/mail.go:441.2,445.16 4 0
github.com/visionik/mogcli/internal/cli/mail.go:445.16,447.3 1 0
github.com/visionik/mogcli/internal/cli/mail.go:449.2,450.51 2 0
github.com/visionik/mogcli/internal/cli/mail.go:450.51,452.3 1 0
github.com/visionik/mogcli/internal/cli/mail.go:454.2,454.68 1 0
github.com/visionik/mogcli/internal/cli/mail.go:454.68,456.3 1 0
github.com/visionik/mogcli/internal/cli/mail.go:458.2,459.12 2 0
github.com/visionik/mogcli/internal/cli/mail.go:505.65,507.31 2 1
github.com/visionik/mogcli/internal/cli/mail.go:507.31,513.3 1 1
github.com/visionik/mogcli/internal/cli/mail.go:514.2,514.15 1 1
github.com/visionik/mogcli/internal/cli/mail.go:517.46,519.16 2 1
github.com/visionik/mogcli/internal/cli/mail.go:519.16,521.3 1 0
github.com/visionik/mogcli/internal/cli/mail.go:522.2,523.24 2 1
github.com/visionik/mogcli/internal/cli/mail.go:523.24,525.3 1 1
github.com/visionik/mogcli/internal/cli/mail.go:527.2,528.60 2 1
github.com/visionik/mogcli/internal/cli/mail.go:528.60,530.17 2 1
github.com/visionik/mogcli/internal/cli/mail.go:530.17,532.4 1 0
github.com/visionik/mogcli/internal/cli/mail.go:534.2,534.20 1 1
github.com/visionik/mogcli/internal/cli/mail.go:534.20,536.3 1 0
github.com/visionik/mogcli/internal/cli/mail.go:538.2,540.19 3 1
github.com/visionik/mogcli/internal/cli/mail.go:540.19,542.3 1 0
github.com/visionik/mogcli/internal/cli/mail.go:544.2,546.13 3 1
github.com/visionik/mogcli/internal/cli/mail.go:546.13,548.3 1 1
github.com/visionik/mogcli/internal/cli/mail.go:551.52,553.13 2 1
github.com/visionik/mogcli/internal/cli/mail.go:553.13,555.3 1 0
github.com/visionik/mogcli/internal/cli/mail.go:556.2,557.21 2 1
github.com/visionik/mogcli/internal/cli/mail.go:557.21,559.3 1 1
github.com/visionik/mogcli/internal/cli/mail.go:560.2,562.21 3 1
github.com/visionik/mogcli/internal/cli/mail.go:562.21,565.37 3 1
github.com/visionik/mogcli/internal/cli/mail.go:565.37,567.4 1 0
github.com/visionik/mogcli/internal/cli/mail.go:568.3,568.23 1 1
github.com/visionik/mogcli/internal/cli/mail.go:572.47,574.16 2 1
github.com/visionik/mogcli/internal/cli/mail.go:574.16,576.3 1 1
github.com/visionik/mogcli/internal/cli/mail.go:578.2,581.49 3 1
github.com/visionik/mogcli/internal/cli/mail.go:581.49,583.3 1 0
github.com/visionik/mogcli/internal/cli/mail.go:583.8,583.34 1 1
github.com/visionik/mogcli/internal/cli/mail.go:583.34,585.3 1 0
github.com/visionik/mogcli/internal/cli/mail.go:586.2,586.26 1 1
github.com/visionik/mogcli/internal/cli/mail.go:589.36,592.6 2 1
github.com/visionik/mogcli/internal/cli/mail.go:592.6,594.18 2 1
github.com/visionik/mogcli/internal/cli/mail.go:594.18,595.9 1 1
github.com/visionik/mogcli/internal/cli/mail.go:597.3,598.16 2 1
github.com/visionik/mogcli/internal/cli/mail.go:598.16,599.9 1 0
github.com/visionik/mogcli/internal/cli/mail.go:601.3,601.49 1 1
github.com/visionik/mogcli/internal/cli/mail.go:603.2,603.34 1 1
github.com/visionik/mogcli/internal/cli/mail.go:606.38,608.16 2 1
github.com/visionik/mogcli/internal/cli/mail.go:608.16,610.3 1 0
github.com/visionik/mogcli/internal/cli/mail.go:611.2,612.12 2 1
github.com/visionik/mogcli/internal/cli/onenote.go:29.53,31.16 2 0
github.com/visionik/mogcli/internal/cli/onenote.go:31.16,33.3 1 0
github.com/visionik/mogcli/internal/cli/onenote.go:35.2,37.16 3 0
github.com/visionik/mogcli/internal/cli/onenote.go:37.16,39.3 1 0
github.com/visionik/mogcli/internal/cli/onenote.go:41.2,44.52 2 0
github.com/visionik/mogcli/internal/cli/onenote.go:44.52,46.3 1 0
github.com/visionik/mogcli/internal/cli/onenote.go:48.2,48.15 1 0
github.com/visionik/mogcli/internal/cli/onenote.go:48.15,50.3 1 0
github.com/visionik/mogcli/internal/cli/onenote.go:52.2,52.32 1 0
github.com/visionik/mogcli/internal/cli/onenote.go:52.32,54.3 1 0
github.com/visionik/mogcli/internal/cli/onenote.go:55.2,55.12 1 0
github.com/visionik/mogcli/internal/cli/onenote.go:64.52,66.16 2 0
github.com/visionik/mogcli/internal/cli/onenote.go:66.16,68.3 1 0
github.com/visionik/mogcli/internal/cli/onenote.go:70.2,74.16 4 0
github.com/visionik/mogcli/internal/cli/onenote.go:74.16,76.3 1 0
github.com/visionik/mogcli/internal/cli/onenote.go:78.2,81.52 2 0
github.com/visionik/mogcli/internal/cli/onenote.go:81.52,83.3 1 0
github.com/visionik/mogcli/internal/cli/onenote.go:85.2,85.15 1 0
github.com/visionik/mogcli/internal/cli/onenote.go:85.15,87.3 1 0
github.com/visionik/mogcli/internal/cli/onenote.go:89.2,89.31 1 0
github.com/visionik/mogcli/internal/cli/onenote.go:89.31,91.3 1 0
github.com/visionik/mogcli/internal/cli/onenote.go:92.2,92.12 1 0
github.com/visionik/mogcli/internal/cli/onenote.go:101.49,103.16 2 0
github.com/visionik/mogcli/internal/cli/onenote.go:103.16,105.3 1 0
github.com/visionik/mogcli/internal/cli/onenote.go:107.2,111.16 4 0
github.com/visionik/mogcli/internal/cli/onenote.go:111.16,113.3 1 0
github.com/visionik/mogcli/internal/cli/onenote.go:115.2,118.52 2 0
github.com/visionik/mogcli/internal/cli/onenote.go:118.52,120.3 1 0
github.com/visionik/mogcli/internal/cli/onenote.go:122.2,122.15 1 0
github.com/visionik/mogcli/internal/cli/onenote.go:122.15,124.3 1 0
github.com/visionik/mogcli/internal/cli/onenote.go:126.2,126.31 1 0
github.com/visionik/mogcli/internal/cli/onenote.go:126.31,128.3 1 0
github.com/visionik/mogcli/internal/cli/onenote.go:129.2,129.12 1 0
github.com/visionik/mogcli/internal/cli/onenote.go:139.47,141.16 2 0
github.com/visionik/mogcli/internal/cli/onenote.go:141.16,143.3 1 0
github.com/visionik/mogcli/internal/cli/onenote.go:145.2,149.16 4 0
github.com/visionik/mogcli/internal/cli/onenote.go:149.16,151.3 1 0
github.com/visionik/mogcli/internal/cli/onenote.go:153.2,153.25 1 0
github.com/visionik/mogcli/internal/cli/onenote.go:153.25,156.3 2 0
github.com/visionik/mogcli/internal/cli/onenote.go:159.2,160.12 2 0
github.com/visionik/mogcli/internal/cli/onenote.go:169.50,171.16 2 0
github.com/visionik/mogcli/internal/cli/onenote.go:171.16,173.3 1 0
github.com/visionik/mogcli/internal/cli/onenote.go:175.2,179.16 3 0
github.com/visionik/mogcli/internal/cli/onenote.go:179.16,181.3 1 0
github.com/visionik/mogcli/internal/cli/onenote.go:183.2,186.52 2 0
github.com/visionik/mogcli/internal/cli/onenote.go:186.52,188.3 1 0
github.com/visionik/mogcli/internal/cli/onenote.go:190.2,190.15 1 0
github.com/visionik/mogcli/internal/cli/onenote.go:190.15,192.3 1 0
github.com/visionik/mogcli/internal/cli/onenote.go:194.2,196.31 3 0
github.com/visionik/mogcli/internal/cli/onenote.go:196.31,198.3 1 0
github.com/visionik/mogcli/internal/cli/onenote.go:199.2,199.12 1 0
github.com/visionik/mogcli/internal/cli/onenote.go:226.58,228.16 2 0
github.com/visionik/mogcli/internal/cli/onenote.go:228.16,230.3 1 0
github.com/visionik/mogcli/internal/cli/onenote.go:232.2,238.16 4 0
github.com/visionik/mogcli/internal/cli/onenote.go:238.16,240.3 1 0
github.com/visionik/mogcli/internal/cli/onenote.go:242.2,243.50 2 0
github.com/visionik/mogcli/internal/cli/onenote.go:243.50,245.3 1 0
github.com/visionik/mogcli/internal/cli/onenote.go:247.2,247.15 1 0
github.com/visionik/mogcli/internal/cli/onenote.go:247.15,249.3 1 0
github.com/visionik/mogcli/internal/cli/onenote.go:251.2,254.12 4 0
github.com/visionik/mogcli/internal/cli/onenote.go:264.57,266.16 2 0
github.com/visionik/mogcli/internal/cli/onenote.go:266.16,268.3 1 0
github.com/visionik/mogcli/internal/cli/onenote.go:270.2,278.16 5 0
github.com/visionik/mogcli/internal/cli/onenote.go:278.16,280.3 1 0
github.com/visionik/mogcli/internal/cli/onenote.go:282.2,283.55 2 0
github.com/visionik/mogcli/internal/cli/onenote.go:283.55,285.3 1 0
github.com/visionik/mogcli/internal/cli/onenote.go:287.2,287.15 1 0
github.com/visionik/mogcli/internal/cli/onenote.go:287.15,289.3 1 0
github.com/visionik/mogcli/internal/cli/onenote.go:291.2,294.12 4 0
github.com/visionik/mogcli/internal/cli/onenote.go:305.54,307.16 2 0
github.com/visionik/mogcli/internal/cli/onenote.go:307.16,309.3 1 0
github.com/visionik/mogcli/internal/cli/onenote.go:312.2,326.16 5 0
github.com/visionik/mogcli/internal/cli/onenote.go:326.16,328.3 1 0
github.com/visionik/mogcli/internal/cli/onenote.go:330.2,331.52 2 0
github.com/visionik/mogcli/internal/cli/onenote.go:331.52,333.3 1 0
github.com/visionik/mogcli/internal/cli/onenote.go:335.2,335.15 1 0
github.com/visionik/mogcli/internal/cli/onenote.go:335.15,337.3 1 0
github.com/visionik/mogcli/internal/cli/onenote.go:339.2,342.12 4 0
github.com/visionik/mogcli/internal/cli/onenote.go:351.50,353.16 2 0
github.com/visionik/mogcli/internal/cli/onenote.go:353.16,355.3 1 0
github.com/visionik/mogcli/internal/cli/onenote.go:357.2,360.49 3 0
github.com/visionik/mogcli/internal/cli/onenote.go:360.49,362.3 1 0
github.com/visionik/mogcli/internal/cli/onenote.go:364.2,364.15 1 0
github.com/visionik/mogcli/internal/cli/onenote.go:364.15,366.3 1 0
github.com/visionik/mogcli/internal/cli/onenote.go:368.2,369.12 2 0
github.com/visionik/mogcli/internal/cli/onenote.go:373.37,374.16 1 0
github.com/visionik/mogcli/internal/cli/onenote.go:374.16,376.3 1 0
github.com/visionik/mogcli/internal/cli/onenote.go:377.2,382.13 6 0
github.com/visionik/mogcli/internal/cli/ppt.go:29.44,31.16 2 0
github.com/visionik/mogcli/internal/cli/ppt.go:31.16,33.3 1 0
github.com/visionik/mogcli/internal/cli/ppt.go:35.2,41.16 6 0
github.com/visionik/mogcli/internal/cli/ppt.go:41.16,43.3 1 0
github.com/visionik/mogcli/internal/cli/ppt.go:45.2,48.52 2 0
github.com/visionik/mogcli/internal/cli/ppt.go:48.52,50.3 1 0
github.com/visionik/mogcli/internal/cli/ppt.go:53.2,54.34 2 0
github.com/visionik/mogcli/internal/cli/ppt.go:54.34,55.61 1 0
github.com/visionik/mogcli/internal/cli/ppt.go:55.61,57.4 1 0
github.com/visionik/mogcli/internal/cli/ppt.go:60.2,60.15 1 0
github.com/visionik/mogcli/internal/cli/ppt.go:60.15,62.3 1 0
github.com/visionik/mogcli/internal/cli/ppt.go:64.2,64.29 1 0
github.com/visionik/mogcli/internal/cli/ppt.go:64.29,67.3 2 0
github.com/visionik/mogcli/internal/cli/ppt.go:69.2,71.36 3 0
github.com/visionik/mogcli/internal/cli/ppt.go:71.36,74.39 3 0
github.com/visionik/mogcli/internal/cli/ppt.go:74.39,76.4 1 0
github.com/visionik/mogcli/internal/cli/ppt.go:78.2,79.12 2 0
github.com/visionik/mogcli/internal/cli/ppt.go:88.43,90.16 2 0
github.com/visionik/mogcli/internal/cli/ppt.go:90.16,92.3 1 0
github.com/visionik/mogcli/internal/cli/ppt.go:94.2,98.16 4 0
github.com/visionik/mogcli/internal/cli/ppt.go:98.16,100.3 1 0
github.com/visionik/mogcli/internal/cli/ppt.go:102.2,103.52 2 0
github.com/visionik/mogcli/internal/cli/ppt.go:103.52,105.3 1 0
github.com/visionik/mogcli/internal/cli/ppt.go:107.2,107.15 1 0
github.com/visionik/mogcli/internal/cli/ppt.go:107.15,109.3 1 0
github.com/visionik/mogcli/internal/cli/ppt.go:111.2,116.23 6 0
github.com/visionik/mogcli/internal/cli/ppt.go:116.23,118.3 1 0
github.com/visionik/mogcli/internal/cli/ppt.go:119.2,119.12 1 0
github.com/visionik/mogcli/internal/cli/ppt.go:130.46,132.16 2 0
github.com/visionik/mogcli/internal/cli/ppt.go:132.16,134.3 1 0
github.com/visionik/mogcli/internal/cli/ppt.go:136.2,142.21 5 0
github.com/visionik/mogcli/internal/cli/ppt.go:142.21,144.3 1 0
github.com/visionik/mogcli/internal/cli/ppt.go:144.8,146.3 1 0
github.com/visionik/mogcli/internal/cli/ppt.go:148.2,149.16 2 0
github.com/visionik/mogcli/internal/cli/ppt.go:149.16,151.3 1 0
github.com/visionik/mogcli/internal/cli/ppt.go:153.2,153.56 1 0
github.com/visionik/mogcli/internal/cli/ppt.go:153.56,155.3 1 0
github.com/visionik/mogcli/internal/cli/ppt.go:157.2,157.15 1 0
github.com/visionik/mogcli/internal/cli/ppt.go:157.15,159.3 1 0
github.com/visionik/mogcli/internal/cli/ppt.go:161.2,164.12 4 0
github.com/visionik/mogcli/internal/cli/ppt.go:175.44,177.16 2 0
github.com/visionik/mogcli/internal/cli/ppt.go:177.16,179.3 1 0
github.com/visionik/mogcli/internal/cli/ppt.go:181.2,184.20 2 0
github.com/visionik/mogcli/internal/cli/ppt.go:184.20,188.3 1 0
github.com/visionik/mogcli/internal/cli/ppt.go:190.2,194.16 4 0
github.com/visionik/mogcli/internal/cli/ppt.go:194.16,196.3 1 0
github.com/visionik/mogcli/internal/cli/ppt.go:198.2,198.15 1 0
github.com/visionik/mogcli/internal/cli/ppt.go:198.15,200.3 1 0
github.com/visionik/mogcli/internal/cli/ppt.go:202.2,204.12 3 0
github.com/visionik/mogcli/internal/cli/ppt.go:214.46,216.16 2 0
github.com/visionik/mogcli/internal/cli/ppt.go:216.16,218.3 1 0
github.com/visionik/mogcli/internal/cli/ppt.go:221.2,222.56 2 0
github.com/visionik/mogcli/internal/cli/ppt.go:222.56,224.3 1 0
github.com/visionik/mogcli/internal/cli/ppt.go:226.2,228.20 3 0
github.com/visionik/mogcli/internal/cli/ppt.go:228.20,230.3 1 0
github.com/visionik/mogcli/internal/cli/ppt.go:230.8,232.3 1 0
github.com/visionik/mogcli/internal/cli/ppt.go:235.2,236.16 2 0
github.com/visionik/mogcli/internal/cli/ppt.go:236.16,238.3 1 0
github.com/visionik/mogcli/internal/cli/ppt.go:240.2,241.52 2 0
github.com/visionik/mogcli/internal/cli/ppt.go:241.52,243.3 1 0
github.com/visionik/mogcli/internal/cli/ppt.go:245.2,245.15 1 0
github.com/visionik/mogcli/internal/cli/ppt.go:245.15,247.3 1 0
github.com/visionik/mogcli/internal/cli/ppt.go:249.2,252.12 4 0
github.com/visionik/mogcli/internal/cli/root.go:37.42,41.2 3 0
github.com/visionik/mogcli/internal/cli/tasks.go:29.47,31.16 2 0
github.com/visionik/mogcli/internal/cli/tasks.go:31.16,33.3 1 0
github.com/visionik/mogcli/internal/cli/tasks.go:35.2,37.16 3 0
github.com/visionik/mogcli/internal/cli/tasks.go:37.16,39.3 1 0
github.com/visionik/mogcli/internal/cli/tasks.go:41.2,44.52 2 0
github.com/visionik/mogcli/internal/cli/tasks.go:44.52,46.3 1 0
github.com/visionik/mogcli/internal/cli/tasks.go:48.2,48.15 1 0
github.com/visionik/mogcli/internal/cli/tasks.go:48.15,50.3 1 0
github.com/visionik/mogcli/internal/cli/tasks.go:52.2,52.34 1 0
github.com/visionik/mogcli/internal/cli/tasks.go:52.34,54.19 2 0
github.com/visionik/mogcli/internal/cli/tasks.go:54.19,56.4 1 0
github.com/visionik/mogcli/internal/cli/tasks.go:57.3,57.81 1 0
github.com/visionik/mogcli/internal/cli/tasks.go:59.2,59.12 1 0
github.com/visionik/mogcli/internal/cli/tasks.go:69.46,71.16 2 0
github.com/visionik/mogcli/internal/cli/tasks.go:71.16,73.3 1 0
github.com/visionik/mogcli/internal/cli/tasks.go:75.2,79.18 3 0
github.com/visionik/mogcli/internal/cli/tasks.go:79.18,82.17 2 0
github.com/visionik/mogcli/internal/cli/tasks.go:82.17,84.4 1 0
github.com/visionik/mogcli/internal/cli/tasks.go:85.3,88.53 2 0
github.com/visionik/mogcli/internal/cli/tasks.go:88.53,90.4 1 0
github.com/visionik/mogcli/internal/cli/tasks.go:91.3,91.27 1 0
github.com/visionik/mogcli/internal/cli/tasks.go:91.27,93.4 1 0
github.com/visionik/mogcli/internal/cli/tasks.go:94.3,94.28 1 0
github.com/visionik/mogcli/internal/cli/tasks.go:95.8,97.3 1 0
github.com/visionik/mogcli/internal/cli/tasks.go:99.2,100.12 2 0
github.com/visionik/mogcli/internal/cli/tasks.go:100.12,102.3 1 0
github.com/visionik/mogcli/internal/cli/tasks.go:104.2,106.16 3 0
github.com/visionik/mogcli/internal/cli/tasks.go:106.16,108.3 1 0
github.com/visionik/mogcli/internal/cli/tasks.go:110.2,113.52 2 0
github.com/visionik/mogcli/internal/cli/tasks.go:113.52,115.3 1 0
github.com/visionik/mogcli/internal/cli/tasks.go:117.2,117.15 1 0
github.com/visionik/mogcli/internal/cli/tasks.go:117.15,119.3 1 0
github.com/visionik/mogcli/internal/cli/tasks.go:121.2,121.26 1 0
github.com/visionik/mogcli/internal/cli/tasks.go:121.26,124.3 2 0
github.com/visionik/mogcli/internal/cli/tasks.go:126.2,126.34 1 0
github.com/visionik/mogcli/internal/cli/tasks.go:126.34,128.33 2 0
github.com/visionik/mogcli/internal/cli/tasks.go:128.33,130.4 1 0
github.com/visionik/mogcli/internal/cli/tasks.go:131.3,132.32 2 0
github.com/visionik/mogcli/internal/cli/tasks.go:132.32,134.4 1 0
github.com/visionik/mogcli/internal/cli/tasks.go:135.3,136.30 2 0
github.com/visionik/mogcli/internal/cli/tasks.go:136.30,138.4 1 0
github.com/visionik/mogcli/internal/cli/tasks.go:139.3,139.98 1 0
github.com/visionik/mogcli/internal/cli/tasks.go:141.2,141.12 1 0
github.com/visionik/mogcli/internal/cli/tasks.go:154.45,156.16 2 0
github.com/visionik/mogcli/internal/cli/tasks.go:156.16,158.3 1 0
github.com/visionik/mogcli/internal/cli/tasks.go:160.2,164.18 3 0
github.com/visionik/mogcli/internal/cli/tasks.go:164.18,166.17 2 0
github.com/visionik/mogcli/internal/cli/tasks.go:166.17,168.4 1 0
github.com/visionik/mogcli/internal/cli/tasks.go:169.3,172.53 2 0
github.com/visionik/mogcli/internal/cli/tasks.go:172.53,174.4 1 0
github.com/visionik/mogcli/internal/cli/tasks.go:175.3,175.27 1 0
github.com/visionik/mogcli/internal/cli/tasks.go:175.27,177.4 1 0
github.com/visionik/mogcli/internal/cli/tasks.go:178.3,178.28 1 0
github.com/visionik/mogcli/internal/cli/tasks.go:179.8,181.3 1 0
github.com/visionik/mogcli/internal/cli/tasks.go:183.2,187.17 2 0
github.com/visionik/mogcli/internal/cli/tasks.go:187.17,189.26 2 0
github.com/visionik/mogcli/internal/cli/tasks.go:189.26,191.4 1 0
github.com/visionik/mogcli/internal/cli/tasks.go:191.9,191.30 1 0
github.com/visionik/mogcli/internal/cli/tasks.go:191.30,193.4 1 0
github.com/visionik/mogcli/internal/cli/tasks.go:194.3,197.4 1 0
github.com/visionik/mogcli/internal/cli/tasks.go:200.2,200.19 1 0
github.com/visionik/mogcli/internal/cli/tasks.go:200.19,205.3 1 0
github.com/visionik/mogcli/internal/cli/tasks.go:207.2,207.17 1 0
github.com/visionik/mogcli/internal/cli/tasks.go:207.17,209.3 1 0
github.com/visionik/mogcli/internal/cli/tasks.go:211.2,213.16 3 0
github.com/visionik/mogcli/internal/cli/tasks.go:213.16,215.3 1 0
github.com/visionik/mogcli/internal/cli/tasks.go:217.2,218.55 2 0
github.com/visionik/mogcli/internal/cli/tasks.go:218.55,220.3 1 0
github.com/visionik/mogcli/internal/cli/tasks.go:222.2,223.12 2 0
github.com/visionik/mogcli/internal/cli/tasks.go:237.48,239.16 2 1
github.com/visionik/mogcli/internal/cli/tasks.go:239.16,241.3 1 0
github.com/visionik/mogcli/internal/cli/tasks.go:243.2,246.18 3 1
github.com/visionik/mogcli/internal/cli/tasks.go:246.18,248.3 1 1
github.com/visionik/mogcli/internal/cli/tasks.go:249.2,253.19 3 0
github.com/visionik/mogcli/internal/cli/tasks.go:253.19,255.3 1 0
github.com/visionik/mogcli/internal/cli/tasks.go:256.2,256.17 1 0
github.com/visionik/mogcli/internal/cli/tasks.go:256.17,261.3 1 0
github.com/visionik/mogcli/internal/cli/tasks.go:262.2,262.19 1 0
github.com/visionik/mogcli/internal/cli/tasks.go:262.19,264.3 1 0
github.com/visionik/mogcli/internal/cli/tasks.go:265.2,265.17 1 0
github.com/visionik/mogcli/internal/cli/tasks.go:265.17,267.3 1 0
github.com/visionik/mogcli/internal/cli/tasks.go:269.2,269.23 1 0
github.com/visionik/mogcli/internal/cli/tasks.go:269.23,271.3 1 0
github.com/visionik/mogcli/internal/cli/tasks.go:273.2,275.16 3 0
github.com/visionik/mogcli/internal/cli/tasks.go:275.16,277.3 1 0
github.com/visionik/mogcli/internal/cli/tasks.go:279.2,280.12 2 0
github.com/visionik/mogcli/internal/cli/tasks.go:290.46,292.16 2 1
github.com/visionik/mogcli/internal/cli/tasks.go:292.16,294.3 1 0
github.com/visionik/mogcli/internal/cli/tasks.go:296.2,299.18 3 1
github.com/visionik/mogcli/internal/cli/tasks.go:299.18,301.3 1 1
github.com/visionik/mogcli/internal/cli/tasks.go:302.2,310.16 5 0
github.com/visionik/mogcli/internal/cli/tasks.go:310.16,312.3 1 0
github.com/visionik/mogcli/internal/cli/tasks.go:314.2,315.12 2 0
github.com/visionik/mogcli/internal/cli/tasks.go:325.46,327.16 2 1
github.com/visionik/mogcli/internal/cli/tasks.go:327.16,329.3 1 0
github.com/visionik/mogcli/internal/cli/tasks.go:331.2,334.18 3 1
github.com/visionik/mogcli/internal/cli/tasks.go:334.18,336.3 1 1
github.com/visionik/mogcli/internal/cli/tasks.go:337.2,345.16 5 0
github.com/visionik/mogcli/internal/cli/tasks.go:345.16,347.3 1 0
github.com/visionik/mogcli/internal/cli/tasks.go:349.2,350.12 2 0
github.com/visionik/mogcli/internal/cli/tasks.go:360.48,362.16 2 1
github.com/visionik/mogcli/internal/cli/tasks.go:362.16,364.3 1 0
github.com/visionik/mogcli/internal/cli/tasks.go:366.2,369.18 3 1
github.com/visionik/mogcli/internal/cli/tasks.go:369.18,371.3 1 1
github.com/visionik/mogcli/internal/cli/tasks.go:372.2,375.49 3 0
github.com/visionik/mogcli/internal/cli/tasks.go:375.49,377.3 1 0
github.com/visionik/mogcli/internal/cli/tasks.go:379.2,380.12 2 0
github.com/visionik/mogcli/internal/cli/tasks.go:389.47,391.16 2 0
github.com/visionik/mogcli/internal/cli/tasks.go:391.16,393.3 1 0
github.com/visionik/mogcli/internal/cli/tasks.go:395.2,398.18 3 0
github.com/visionik/mogcli/internal/cli/tasks.go:398.18,400.17 2 0
github.com/visionik/mogcli/internal/cli/tasks.go:400.17,402.4 1 0
github.com/visionik/mogcli/internal/cli/tasks.go:403.3,406.53 2 0
github.com/visionik/mogcli/internal/cli/tasks.go:406.53,408.4 1 0
github.com/visionik/mogcli/internal/cli/tasks.go:409.3,409.27 1 0
github.com/visionik/mogcli/internal/cli/tasks.go:409.27,411.4 1 0
github.com/visionik/mogcli/internal/cli/tasks.go:412.3,412.28 1 0
github.com/visionik/mogcli/internal/cli/tasks.go:413.8,415.3 1 0
github.com/visionik/mogcli/internal/cli/tasks.go:418.2,423.16 5 0
github.com/visionik/mogcli/internal/cli/tasks.go:423.16,425.3 1 0
github.com/visionik/mogcli/internal/cli/tasks.go:427.2,430.52 2 0
github.com/visionik/mogcli/internal/cli/tasks.go:430.52,432.3 1 0
github.com/visionik/mogcli/internal/cli/tasks.go:435.2,436.34 2 0
github.com/visionik/mogcli/internal/cli/tasks.go:436.34,438.53 2 0
github.com/visionik/mogcli/internal/cli/tasks.go:438.53,440.12 2 0
github.com/visionik/mogcli/internal/cli/tasks.go:442.3,442.10 1 0
github.com/visionik/mogcli/internal/cli/tasks.go:445.2,446.12 2 0
github.com/visionik/mogcli/internal/cli/word.go:29.45,31.16 2 0
github.com/visionik/mogcli/internal/cli/word.go:31.16,33.3 1 0
github.com/visionik/mogcli/internal/cli/word.go:35.2,41.16 6 0
github.com/visionik/mogcli/internal/cli/word.go:41.16,43.3 1 0
github.com/visionik/mogcli/internal/cli/word.go:45.2,48.52 2 0
github.com/visionik/mogcli/internal/cli/word.go:48.52,50.3 1 0
github.com/visionik/mogcli/internal/cli/word.go:53.2,54.34 2 0
github.com/visionik/mogcli/internal/cli/word.go:54.34,55.61 1 0
github.com/visionik/mogcli/internal/cli/word.go:55.61,57.4 1 0
github.com/visionik/mogcli/internal/cli/word.go:60.2,60.15 1 0
github.com/visionik/mogcli/internal/cli/word.go:60.15,62.3 1 0
github.com/visionik/mogcli/internal/cli/word.go:64.2,64.20 1 0
github.com/visionik/mogcli/internal/cli/word.go:64.20,67.3 2 0
github.com/visionik/mogcli/internal/cli/word.go:69.2,71.27 3 0
github.com/visionik/mogcli/internal/cli/word.go:71.27,74.39 3 0
github.com/visionik/mogcli/internal/cli/word.go:74.39,76.4 1 0
github.com/visionik/mogcli/internal/cli/word.go:78.2,79.12 2 0
github.com/visionik/mogcli/internal/cli/word.go:88.44,90.16 2 0
github.com/visionik/mogcli/internal/cli/word.go:90.16,92.3 1 0
github.com/visionik/mogcli/internal/cli/word.go:94.2,98.16 4 0
github.com/visionik/mogcli/internal/cli/word.go:98.16,100.3 1 0
github.com/visionik/mogcli/internal/cli/word.go:102.2,103.52 2 0
github.com/visionik/mogcli/internal/cli/word.go:103.52,105.3 1 0
github.com/visionik/mogcli/internal/cli/word.go:107.2,107.15 1 0
github.com/visionik/mogcli/internal/cli/word.go:107.15,109.3 1 0
github.com/visionik/mogcli/internal/cli/word.go:111.2,116.23 6 0
github.com/visionik/mogcli/internal/cli/word.go:116.23,118.3 1 0
github.com/visionik/mogcli/internal/cli/word.go:119.2,119.12 1 0
github.com/visionik/mogcli/internal/cli/word.go:130.47,132.16 2 0
github.com/visionik/mogcli/internal/cli/word.go:132.16,134.3 1 0
github.com/visionik/mogcli/internal/cli/word.go:136.2,142.21 5 0
github.com/visionik/mogcli/internal/cli/word.go:142.21,144.3 1 0
github.com/visionik/mogcli/internal/cli/word.go:144.8,146.3 1 0
github.com/visionik/mogcli/internal/cli/word.go:148.2,149.16 2 0
github.com/visionik/mogcli/internal/cli/word.go:149.16,151.3 1 0
github.com/visionik/mogcli/internal/cli/word.go:153.2,153.56 1 0
github.com/visionik/mogcli/internal/cli/word.go:153.56,155.3 1 0
github.com/visionik/mogcli/internal/cli/word.go:157.2,157.15 1 0
github.com/visionik/mogcli/internal/cli/word.go:157.15,159.3 1 0
github.com/visionik/mogcli/internal/cli/word.go:161.2,164.12 4 0
github.com/visionik/mogcli/internal/cli/word.go:175.45,177.16 2 0
github.com/visionik/mogcli/internal/cli/word.go:177.16,179.3 1 0
github.com/visionik/mogcli/internal/cli/word.go:181.2,184.20 2 0
github.com/visionik/mogcli/internal/cli/word.go:184.20,188.3 1 0
github.com/visionik/mogcli/internal/cli/word.go:190.2,194.16 4 0
github.com/visionik/mogcli/internal/cli/word.go:194.16,196.3 1 0
github.com/visionik/mogcli/internal/cli/word.go:198.2,198.15 1 0
github.com/visionik/mogcli/internal/cli/word.go:198.15,200.3 1 0
github.com/visionik/mogcli/internal/cli/word.go:202.2,204.12 3 0
github.com/visionik/mogcli/internal/cli/word.go:214.47,216.16 2 0
github.com/visionik/mogcli/internal/cli/word.go:216.16,218.3 1 0
github.com/visionik/mogcli/internal/cli/word.go:221.2,222.56 2 0
github.com/visionik/mogcli/internal/cli/word.go:222.56,224.3 1 0
github.com/visionik/mogcli/internal/cli/word.go:226.2,228.20 3 0
github.com/visionik/mogcli/internal/cli/word.go:228.20,230.3 1 0
github.com/visionik/mogcli/internal/cli/word.go:230.8,232.3 1 0
github.com/visionik/mogcli/internal/cli/word.go:235.2,236.16 2 0
github.com/visionik/mogcli/internal/cli/word.go:236.16,238.3 1 0
github.com/visionik/mogcli/internal/cli/word.go:240.2,241.52 2 0
github.com/visionik/mogcli/internal/cli/word.go:241.52,243.3 1 0
github.com/visionik/mogcli/internal/cli/word.go:245.2,245.15 1 0
github.com/visionik/mogcli/internal/cli/word.go:245.15,247.3 1 0
github.com/visionik/mogcli/internal/cli/word.go:249.2,252.12 4 0
